40
0
10
22
35
49
63
79
100
150
200
300
400
500
600
700
800
900
1000
1100
1200
1300
1400
1500
1600
1800
2000
2200
2400
2600
2700
2800
3000
3200
3400
3600
3800
4000
4200
4400
4600
-1600.0
-1600.0
-1600.0
-1600.0
-1600.0
-1600.0
-1600.0
-1600.0
-1600.0
-1600.0
-1600.0
-1600.0
-1600.0
-1600.0
-1600.0
-1600.0
-1600.0
-1600.0
-1600.0
-1600.0
-1600.0
-1600.0
-1600.0
-1600.0
-1600.0
-1600.0
-1600.0
-1600.0
-1600.0
-1600.0
-1600.0
-1600.0
-1600.0
-1600.0
-1600.0
-1600.0
-1600.0
-1600.0
-1600.0
-1600.0
-1600.0
-1600.0
-1600.0
-1600.0
-1600.0
-1600.0
-1600.0
-1600.0
-1600.0
-1600.0
-1600.0
-1600.0
-1600.0
-1600.0
-1600.0
-1600.0
-1600.0
-1600.0
-1600.0
-1600.0
-1600.0
-1600.0
-1600.0
-1600.0
-1600.0
-1600.0
-1600.0
-1600.0
-1600.0
-1600.0
-1600.0
-1600.0
-1600.0
-1600.0
-1600.0
-1600.0
-1600.0
-1600.0
-1600.0
-1600.0
-1600.0
-1600.0
-1600.0
-1600.0
-1600.0
-1600.0
-1600.0
-1600.0
-1600.0
-1600.0
-1600.0
-1600.0
-1600.0
-1600.0
-1600.0
-1600.0
-1600.0
-1600.0
-1600.0
-1600.0
-1600.0
-1600.0
-1600.0
-1600.0
-1600.0
-1600.0
-1600.0
-1600.0
-1600.0
-1600.0
-1600.0
-1600.0
-1600.0
-1600.0
-1600.0
-1600.0
-1600.0
-1600.0
-1600.0
-1600.0
-1600.0
-1600.0
-1600.0
-1600.0
-1600.0
-1600.0
-1600.0
-1600.0
-1600.0
-1600.0
-1600.0
-1600.0
-1600.0
-1600.0
-1600.0
-1600.0
-1600.0
-1600.0
-1600.0
-1600.0
-1600.0
-1600.0
-1600.0
-1600.0
-1600.0
-1600.0
-1600.0
-1600.0
-1600.0
-1600.0
-1600.0
-1600.0
-1600.0
-1600.0
-1600.0
-1600.0
-1600.0
-1600.0
-1600.0
-1600.0
-1600.0
-1600.0
-1600.0
-1600.0
-1600.0
-1600.0
-1600.0
-1600.0
-1600.0
-1600.0
-1600.0
-1600.0
-1600.0
-1600.0
-1600.0
-1600.0
-1600.0
-1600.0
-1600.0
-1600.0
-1600.0
-1600.0
-1600.0
-1600.0
-1600.0
-1600.0
-1600.0
-1600.0
-1600.0
-1600.0
-1600.0
-1600.0
-1600.0
-1600.0
-1600.0
-1600.0
-1600.0
-1600.0
-1600.0
-1600.0
-1600.0
-1600.0
-1600.0
-1600.0
-1600.0
-1600.0
-1600.0
-1600.0
-1600.0
-1600.0
-1600.0
-1600.0
-1600.0
-1600.0
-1600.0
-1600.0
-1600.0
-1600.0
-1600.0
-1600.0
-1600.0
-1600.0
-1600.0
-1600.0
-1600.0
-1600.0
-1600.0
-1600.0
-1600.0
-1600.0
-1600.0
-1600.0
-1600.0
-1600.0
-1600.0
-1600.0
-1600.0
-1600.0
-1600.0
-1600.0
-1600.0
-1600.0
-1600.0
-1600.0
-1600.0
-1600.0
-1600.0
-1600.0
-1600.0
-1600.0
-1600.0
-1600.0
-1600.0
-1600.0
-1600.0
-1600.0
-1600.0
-1600.0
-1600.0
-1600.0
-1600.0
-1600.0
-1600.0
-1600.0
-1600.0
-1600.0
-1600.0
-1600.0
-1600.0
-1600.0
-1600.0
-1600.0
-1600.0
-1600.0
-1600.0
-1600.0
-1600.0
-1600.0
-1600.0
-1600.0
-1600.0
-1600.0
-1600.0
-1600.0
-1600.0
-1600.0
-1600.0
-1600.0
-1600.0
-1600.0
-1600.0
-1600.0
-1600.0
-1600.0
-1600.0
-1600.0
-1600.0
-1600.0
-1600.0
-1600.0
-1600.0
-1600.0
-1600.0
-1600.0
-1600.0
-1600.0
-1600.0
-1600.0
-1600.0
-1600.0
-1600.0
-1600.0
-1600.0
-1600.0
-1600.0
-1600.0
-1600.0
-1600.0
-1600.0
-1600.0
-1600.0
-1600.0
-1600.0
-1600.0
-1600.0
-1600.0
-1600.0
-1600.0
-1600.0
-1600.0
-1600.0
-1600.0
-1600.0
-1600.0
-1600.0
-1600.0
-1600.0
-1600.0
-1600.0
-1600.0
-1600.0
-1600.0
-1600.0
-1600.0
-1600.0
-1600.0
-1600.0
-1600.0
-1600.0
-1600.0
-1600.0
-1600.0
-1600.0
-1600.0
-1600.0
-1600.0
-1600.0
-1600.0
-1600.0
-1600.0
-1600.0
-1600.0
-1600.0
-1600.0
-1600.0
-1600.0
-1600.0
-1600.0
-1600.0
-1600.0
-1600.0
-1600.0
-1600.0
-1600.0
-1600.0
-1600.0
-1600.0
-1600.0
-1600.0
-1600.0
-1600.0
-1600.0
-1600.0
-1600.0
-1600.0
-1600.0
-1600.0
-1600.0
-1600.0
-1600.0
-1600.0
-1600.0
-1600.0
-1600.0
-1600.0
-1600.0
-1600.0
-1600.0
-1600.0
-1600.0
-1600.0
-1600.0
-1600.0
-1600.0
-1600.0
-1600.0
-1600.0
-1600.0
-1600.0
-1600.0
-1600.0
-1600.0
-1600.0
-1600.0
-1600.0
-1600.0
-1600.0
-1600.0
-1600.0
-1600.0
-1600.0
-1600.0
-1600.0
-1600.0
-1600.0
-1600.0
-1600.0
-1600.0
-1600.0
-1600.0
-1600.0
-1600.0
-1600.0
-1600.0
-1600.0
-1600.0
-1600.0
-1600.0
-1600.0
-1600.0
-1600.0
-1600.0
-1600.0
-1600.0
-1600.0
-1600.0
-1600.0
-1600.0
-1600.0
-1600.0
-1600.0
-1600.0
-1600.0
-1600.0
-1600.0
-1600.0
-1600.0
-1600.0
-1600.0
-1600.0
-1600.0
-1600.0
-1600.0
-1600.0
-1600.0
-1600.0
-1600.0
-1600.0
-1600.0
-1600.0
-1600.0
-1600.0
-1600.0
-1600.0
-1600.0
-1600.0
-1600.0
-1600.0
-1600.0
-1600.0
-1600.0
-1600.0
-1600.0
-1600.0
-1600.0
-1600.0
-1600.0
-1600.0
-1600.0
-1600.0
-1600.0
-1600.0
-1600.0
-1600.0
-1600.0
-1600.0
-1600.0
-1600.0
-1600.0
-1600.0
-1600.0
-1600.0
-1600.0
-1600.0
-1600.0
-1600.0
-1600.0
-1600.0
-1600.0
-1600.0
-1600.0
-1600.0
-1600.0
-1600.0
-1600.0
-1600.0
-1600.0
-1600.0
-1600.0
-1600.0
-1600.0
-1600.0
-1600.0
-1600.0
-1600.0
-1600.0
-1600.0
-1600.0
-1600.0
-1600.0
-1600.0
-1600.0
-1600.0
-1600.0
-1600.0
-1600.0
-1600.0
-1600.0
-1600.0
-1600.0
-1600.0
-1600.0
-1600.0
-1600.0
-1600.0
-1600.0
-1600.0
-1600.0
-1600.0
-1600.0
-1600.0
-1600.0
-1600.0
-1600.0
-1600.0
-1600.0
-1600.0
-1600.0
-1600.0
-1600.0
-1600.0
-1600.0
-1600.0
-1600.0
-1600.0
-1600.0
-1600.0
-1600.0
-1600.0
-1600.0
-1600.0
-1600.0
-1600.0
-1600.0
-1600.0
-1600.0
-1600.0
-1600.0
-1600.0
-1600.0
-1600.0
-1600.0
-1600.0
-1600.0
-1600.0
-1600.0
-1600.0
-1600.0
-1600.0
-1600.0
-1600.0
-1600.0
-1600.0
-1600.0
-1600.0
-1600.0
-1600.0
-1600.0
-1600.0
-1600.0
-1600.0
-1600.0
-1600.0
-1600.0
-1600.0
-1600.0
-1600.0
-1600.0
-1600.0
-1600.0
-1600.0
-1600.0
-1600.0
-1600.0
-1600.0
-1600.0
-1600.0
-1600.0
-1600.0
-1600.0
-1600.0
-1600.0
-1600.0
-1600.0
-1600.0
-1600.0
-1600.0
-1600.0
-1600.0
-1600.0
-1600.0
-1600.0
-1600.0
-1600.0
-1600.0
-1600.0
-1600.0
-1600.0
-1600.0
-1600.0
-1600.0
-1600.0
-1600.0
-1600.0
-1600.0
-1600.0
-1600.0
-1600.0
-1600.0
-1600.0
-1600.0
-1600.0
-1600.0
-1600.0
-1600.0
-1600.0
-1600.0
-1600.0
-1600.0
-1600.0
-1600.0
-1600.0
-1600.0
-1600.0
-1600.0
-1600.0
-1600.0
-1600.0
-1600.0
-1600.0
-1600.0
-1600.0
-1600.0
-1600.0
-1600.0
-1600.0
-1600.0
-1600.0
-1600.0
-1600.0
-1600.0
-1600.0
-1600.0
-1600.0
-1600.0
-1600.0
-1600.0
-1600.0
-1600.0
-1600.0
-1600.0
-1600.0
-1600.0
-1600.0
-1600.0
-1600.0
-1600.0
-1600.0
-1600.0
-1600.0
-1600.0
-1600.0
-1600.0
-1600.0
-1600.0
-1600.0
-1600.0
-1600.0
-1600.0
-1600.0
-1600.0
-1600.0
-1600.0
-1600.0
-1600.0
-1600.0
-1600.0
-1600.0
-1600.0
-1600.0
-1600.0
-1600.0
-1600.0
-1600.0
-1600.0
-1600.0
-1600.0
-1600.0
-1600.0
-1600.0
-1600.0
-1600.0
-1600.0
-1600.0
-1600.0
-1600.0
-1600.0
-1600.0
-1600.0
-1600.0
-1600.0
-1600.0
-1600.0
-1600.0
-1600.0
-1600.0
-1600.0
-1600.0
-1600.0
-1600.0
-1600.0
-1600.0
-1600.0
-1600.0
-1600.0
-1600.0
-1600.0
-1600.0
-1600.0
-1600.0
-1600.0
-1600.0
-1600.0
-1600.0
-1600.0
-1600.0
-1600.0
-1600.0
-1600.0
-1600.0
-1600.0
-1600.0
-1600.0
-1600.0
-1600.0
-1600.0
-1600.0
-1600.0
-1600.0
-1600.0
-1600.0
-1600.0
-1600.0
-1600.0
-1600.0
-1600.0
-1600.0
-1600.0
-1600.0
-1600.0
-1600.0
-1600.0
-1600.0
-1600.0
-1600.0
-1600.0
-1600.0
-1600.0
-1600.0
-1600.0
-1600.0
-1600.0
-1600.0
-1600.0
-1600.0
-1600.0
-1600.0
-1600.0
-1600.0
-1600.0
-1600.0
-1600.0
-1600.0
-1600.0
-1600.0
-1600.0
-1600.0
-1600.0
-1600.0
-1600.0
-1600.0
-1600.0
-1600.0
-1600.0
-1600.0
-1600.0
-1600.0
-1600.0
-1600.0
-1600.0
-1600.0
-1600.0
-1600.0
-1600.0
-1600.0
-1600.0
-1600.0
-1600.0
-1600.0
-1600.0
-1600.0
-1600.0
-1600.0
-1600.0
-1600.0
-1600.0
-1600.0
-1600.0
-1600.0
-1600.0
-1600.0
-1600.0
-1600.0
-1600.0
-1600.0
-1600.0
-1600.0
-1600.0
-1600.0
-1600.0
-1600.0
-1600.0
-1600.0
-1600.0
-1600.0
-1600.0
-1600.0
-1600.0
-1600.0
-1600.0
-1600.0
-1600.0
-1600.0
-1600.0
-1600.0
-1600.0
-1600.0
-1600.0
-1600.0
-1600.0
-1600.0
-1600.0
-1600.0
-1600.0
-1600.0
-1600.0
-1600.0
-1600.0
-1600.0
-1600.0
-1600.0
-1600.0
-1600.0
-1600.0
-1600.0
-1600.0
-1600.0
-1600.0
-1600.0
-1600.0
-1600.0
-1600.0
-1600.0
-1600.0
-1600.0
-1600.0
-1600.0
-1600.0
-1600.0
-1600.0
-1600.0
-1600.0
-1600.0
-1600.0
-1600.0
-1600.0
-1600.0
-1600.0
-1600.0
-1600.0
-1600.0
-1600.0
-1600.0
-1600.0
-1600.0
-1600.0
-1600.0
-1600.0
-1600.0
-1600.0
-1600.0
-1600.0
-1600.0
-1600.0
-1600.0
-1600.0
-1600.0
-1600.0
-1600.0
-1600.0
-1600.0
-1600.0
-1600.0
-1600.0
-1600.0
-1600.0
-1600.0
-1600.0
-1600.0
-1600.0
-1600.0
-1600.0
-1600.0
-1600.0
-1600.0
-1600.0
-1600.0
-1600.0
-1600.0
-1600.0
-1600.0
-1600.0
-1600.0
-1600.0
-1600.0
-1600.0
-1600.0
-1600.0
-1600.0
-1600.0
-1600.0
-1600.0
-1600.0
-1600.0
-1600.0
-1600.0
-1600.0
-1600.0
-1600.0
-1600.0
-1600.0
-1600.0
-1600.0
-1600.0
-1600.0
-1600.0
-1600.0
-1600.0
-1600.0
-1600.0
-1600.0
-1600.0
-1600.0
-1600.0
-1600.0
-1600.0
-1600.0
-1600.0
-1600.0
-1600.0
-1600.0
-1600.0
-1600.0
-1600.0
-1600.0
-1600.0
-1600.0
-1600.0
-1600.0
-1600.0
-1600.0
-1600.0
-1600.0
-1600.0
-1600.0
-1600.0
-1600.0
-1600.0
-1600.0
-1600.0
-1600.0
-1600.0
-1600.0
-1600.0
-1600.0
-1600.0
-1600.0
-1600.0
-1600.0
-1600.0
-1600.0
-1600.0
-1600.0
-1600.0
-1600.0
-1600.0
-1600.0
-1600.0
-1600.0
-1600.0
-1600.0
-1600.0
-1600.0
-1600.0
-1600.0
-1600.0
-1600.0
-1600.0
-1600.0
-1600.0
-1600.0
-1600.0
-1600.0
-1600.0
-1600.0
-1600.0
-1600.0
-1600.0
-1600.0
-1600.0
-1600.0
-1600.0
-1600.0
-1600.0
-1600.0
-1600.0
-1600.0
-1600.0
-1600.0
-1600.0
-1600.0
-1600.0
-1600.0
-1600.0
-1600.0
-1600.0
-1600.0
-1600.0
-1600.0
-1600.0
-1600.0
-1600.0
-1600.0
-1600.0
-1600.0
-1600.0
-1600.0
-1600.0
-1600.0
-1600.0
-1600.0
-1600.0
-1600.0
-1600.0
-1600.0
-1600.0
-1600.0
-1600.0
-1600.0
-1600.0
-1600.0
-1600.0
-1600.0
-1600.0
-1600.0
-1600.0
-1600.0
-1600.0
-1600.0
-1600.0
-1600.0
-1600.0
-1600.0
-1600.0
-1600.0
-1600.0
-1600.0
-1600.0
-1600.0
-1600.0
-1600.0
-1600.0
-1600.0
-1600.0
-1600.0
-1600.0
-1600.0
-1600.0
-1600.0
-1600.0
-1600.0
-1600.0
-1600.0
-1600.0
-1600.0
-1600.0
-1600.0
-1600.0
-1600.0
-1600.0
-1600.0
-1600.0
-1600.0
-1600.0
-1600.0
-1600.0
-1600.0
-1600.0
-1600.0
-1600.0
-1600.0
-1600.0
-1600.0
-1600.0
-1600.0
-1600.0
-1600.0
-1600.0
-1600.0
-1600.0
-1600.0
-1600.0
-1600.0
-1600.0
-1600.0
-1600.0
-1600.0
-1600.0
-1600.0
-1600.0
-1600.0
-1600.0
-1600.0
-1600.0
-1600.0
-1600.0
-1600.0
-1600.0
-1600.0
-1600.0
-1600.0
-1600.0
-1600.0
-1600.0
-1600.0
-1600.0
-1600.0
-1600.0
-1600.0
-1600.0
-1600.0
-1600.0
-1600.0
-1600.0
-1600.0
-1600.0
-1600.0
-1600.0
-1600.0
-1600.0
-1600.0
-1600.0
-1600.0
-1600.0
-1600.0
-1600.0
-1600.0
-1600.0
-1600.0
-1600.0
-1600.0
-1600.0
-1600.0
-1600.0
-1600.0
-1600.0
-1600.0
-1600.0
-1600.0
-1600.0
-1600.0
-1600.0
-1600.0
-1600.0
-1600.0
-1600.0
-1600.0
-1600.0
-1600.0
-1600.0
-1600.0
-1600.0
-1600.0
-1600.0
-1600.0
-1600.0
-1600.0
-1600.0
-1600.0
-1600.0
-1600.0
-1600.0
-1600.0
-1600.0
-1600.0
-1600.0
-1600.0
-1600.0
-1600.0
-1600.0
-1600.0
-1600.0
-1600.0
-1600.0
-1600.0
-1600.0
-1600.0
-1600.0
-1600.0
-1600.0
-1600.0
-1600.0
-1600.0
-1600.0
-1600.0
-1600.0
-1600.0
-1600.0
-1600.0
