    2398 
       1       32       31
       1        2       32
       2       33       32
       2        3       33
       3       34       33
       3        4       34
       4       35       34
       4        5       35
       5       36       35
       5        6       36
       6       37       36
       6        7       37
       7       38       37
       7        8       38
       8       39       38
       8        9       39
       9       40       39
       9       10       40
      10       41       40
      10       11       41
      11       42       41
      11       12       42
      12       43       42
      12       13       43
      13       44       43
      13       14       44
      14       45       44
      14       15       45
      15       46       45
      15       16       46
      16       47       46
      16       17       47
      17       48       47
      17       18       48
      18       49       48
      18       19       49
      19       50       49
      19       20       50
      20       51       50
      20       21       51
      21       52       51
      21       22       52
      22       53       52
      22       23       53
      23       54       53
      23       24       54
      24       55       54
      24       25       55
      25       56       55
      25       26       56
      26       57       56
      26       27       57
      27       58       57
      27       28       58
      28       59       58
      28       29       59
      29       60       59
      29       30       60
      30       61       60
      31       32       62
      32       63       62
      32       33       63
      33       64       63
      33       34       64
      34       65       64
      34       35       65
      35       66       65
      35       36       66
      36       67       66
      36       37       67
      37       68       67
      37       38       68
      38       69       68
      38       39       69
      39       70       69
      39       40       70
      40       71       70
      40       41       71
      41       72       71
      41       42       72
      42       73       72
      42       43       73
      43       74       73
      43       44       74
      44       75       74
      44       45       75
      45       76       75
      45       46       76
      46       77       76
      46       47       77
      47       78       77
      47       48       78
      48       79       78
      48       49       79
      49       80       79
      49       50       80
      50       81       80
      50       51       81
      51       82       81
      51       52       82
      52       83       82
      52       53       83
      53       84       83
      53       54       84
      54       85       84
      54       55       85
      55       86       85
      55       56       86
      56       87       86
      56       57       87
      57       88       87
      57       58       88
      58       89       88
      58       59       89
      59       90       89
      59       60       90
      60       91       90
      60       61       91
      61       92       91
      62       63       93
      63       94       93
      63       64       94
      64       95       94
      64       65       95
      65       96       95
      65       66       96
      66       97       96
      66       67       97
      67       98       97
      67       68       98
      68       99       98
      68       69       99
      69      100       99
      69       70      100
      70      101      100
      70       71      101
      71      102      101
      71       72      102
      72      103      102
      72       73      103
      73      104      103
      73       74      104
      74      105      104
      74       75      105
      75      106      105
      75       76      106
      76      107      106
      76       77      107
      77      108      107
      77       78      108
      78      109      108
      78       79      109
      79      110      109
      79       80      110
      80      111      110
      80       81      111
      81      112      111
      81       82      112
      82      113      112
      82       83      113
      83      114      113
      83       84      114
      84      115      114
      84       85      115
      85      116      115
      85       86      116
      86      117      116
      86       87      117
      87      118      117
      87       88      118
      88      119      118
      88       89      119
      89      120      119
      89       90      120
      90      121      120
      90       91      121
      91      122      121
      91       92      122
      92      123      122
      93       94      124
      94      125      124
      94       95      125
      95      126      125
      95       96      126
      96      127      126
      96       97      127
      97      128      127
      97       98      128
      98      129      128
      98       99      129
      99      130      129
      99      100      130
     100      131      130
     100      101      131
     101      132      131
     101      102      132
     102      133      132
     102      103      133
     103      134      133
     103      104      134
     104      135      134
     104      105      135
     105      136      135
     105      106      136
     106      137      136
     106      107      137
     107      138      137
     107      108      138
     108      139      138
     108      109      139
     109      140      139
     109      110      140
     110      141      140
     110      111      141
     111      142      141
     111      112      142
     112      143      142
     112      113      143
     113      144      143
     113      114      144
     114      145      144
     114      115      145
     115      146      145
     115      116      146
     116      147      146
     116      117      147
     117      148      147
     117      118      148
     118      149      148
     118      119      149
     119      150      149
     119      120      150
     120      151      150
     120      121      151
     121      152      151
     121      122      152
     122      153      152
     122      123      153
     123      154      153
     124      125      155
     125      156      155
     125      126      156
     126      157      156
     126      127      157
     127      158      157
     127      128      158
     128      159      158
     128      129      159
     129      160      159
     129      130      160
     130      161      160
     130      131      161
     131      162      161
     131      132      162
     132      163      162
     132      133      163
     133      164      163
     133      134      164
     134      165      164
     134      135      165
     135      166      165
     135      136      166
     136      167      166
     136      137      167
     137      168      167
     137      138      168
     138      169      168
     138      139      169
     139      170      169
     139      140      170
     140      171      170
     140      141      171
     141      172      171
     141      142      172
     142      173      172
     142      143      173
     143      174      173
     143      144      174
     144      175      174
     144      145      175
     145      176      175
     145      146      176
     146      177      176
     146      147      177
     147      178      177
     147      148      178
     148      179      178
     148      149      179
     149      180      179
     149      150      180
     150      181      180
     150      151      181
     151      182      181
     151      152      182
     152      183      182
     152      153      183
     153      184      183
     153      154      184
     154      185      184
     155      156      186
     156      187      186
     156      157      187
     157      188      187
     157      158      188
     158      189      188
     158      159      189
     159      190      189
     159      160      190
     160      191      190
     160      161      191
     161      192      191
     161      162      192
     162      193      192
     162      163      193
     163      194      193
     163      164      194
     164      195      194
     164      165      195
     165      196      195
     165      166      196
     166      197      196
     166      167      197
     167      198      197
     167      168      198
     168      199      198
     168      169      199
     169      200      199
     169      170      200
     170      201      200
     170      171      201
     171      202      201
     171      172      202
     172      203      202
     172      173      203
     173      204      203
     173      174      204
     174      205      204
     174      175      205
     175      206      205
     175      176      206
     176      207      206
     176      177      207
     177      208      207
     177      178      208
     178      209      208
     178      179      209
     179      210      209
     179      180      210
     180      211      210
     180      181      211
     181      212      211
     181      182      212
     182      213      212
     182      183      213
     183      214      213
     183      184      214
     184      215      214
     184      185      215
     185      216      215
     186      187      217
     187      218      217
     187      188      218
     188      219      218
     188      189      219
     189      220      219
     189      190      220
     190      221      220
     190      191      221
     191      222      221
     191      192      222
     192      223      222
     192      193      223
     193      224      223
     193      194      224
     194      225      224
     194      195      225
     195      226      225
     195      196      226
     196      227      226
     196      197      227
     197      228      227
     197      198      228
     198      229      228
     198      199      229
     199      230      229
     199      200      230
     200      231      230
     200      201      231
     201      232      231
     201      202      232
     202      233      232
     202      203      233
     203      234      233
     203      204      234
     204      235      234
     204      205      235
     205      236      235
     205      206      236
     206      237      236
     206      207      237
     207      238      237
     207      208      238
     208      239      238
     208      209      239
     209      240      239
     209      210      240
     210      241      240
     210      211      241
     211      242      241
     211      212      242
     212      243      242
     212      213      243
     213      244      243
     213      214      244
     214      245      244
     214      215      245
     215      246      245
     215      216      246
     216      247      246
     217      218      248
     218      249      248
     218      219      249
     219      250      249
     219      220      250
     220      251      250
     220      221      251
     221      252      251
     221      222      252
     222      253      252
     222      223      253
     223      254      253
     223      224      254
     224      255      254
     224      225      255
     225      256      255
     225      226      256
     226      257      256
     226      227      257
     227      258      257
     227      228      258
     228      259      258
     228      229      259
     229      260      259
     229      230      260
     230      261      260
     230      231      261
     231      262      261
     231      232      262
     232      263      262
     232      233      263
     233      264      263
     233      234      264
     234      265      264
     234      235      265
     235      266      265
     235      236      266
     236      267      266
     236      237      267
     237      268      267
     237      238      268
     238      269      268
     238      239      269
     239      270      269
     239      240      270
     240      271      270
     240      241      271
     241      272      271
     241      242      272
     242      273      272
     242      243      273
     243      274      273
     243      244      274
     244      275      274
     244      245      275
     245      276      275
     245      246      276
     246      277      276
     246      247      277
     247      278      277
     248      249      279
     249      280      279
     249      250      280
     250      281      280
     250      251      281
     251      282      281
     251      252      282
     252      283      282
     252      253      283
     253      284      283
     253      254      284
     254      285      284
     254      255      285
     255      286      285
     255      256      286
     256      287      286
     256      257      287
     257      288      287
     257      258      288
     258      289      288
     258      259      289
     259      290      289
     259      260      290
     260      291      290
     260      261      291
     261      292      291
     261      262      292
     262      293      292
     262      263      293
     263      294      293
     263      264      294
     264      295      294
     264      265      295
     265      296      295
     265      266      296
     266      297      296
     266      267      297
     267      298      297
     267      268      298
     268      299      298
     268      269      299
     269      300      299
     269      270      300
     270      301      300
     270      271      301
     271      302      301
     271      272      302
     272      303      302
     272      273      303
     273      304      303
     273      274      304
     274      305      304
     274      275      305
     275      306      305
     275      276      306
     276      307      306
     276      277      307
     277      308      307
     277      278      308
     278      309      308
     279      280      310
     280      311      310
     280      281      311
     281      312      311
     281      282      312
     282      313      312
     282      283      313
     283      314      313
     283      284      314
     284      315      314
     284      285      315
     285      316      315
     285      286      316
     286      317      316
     286      287      317
     287      318      317
     287      288      318
     288      319      318
     288      289      319
     289      320      319
     289      290      320
     290      321      320
     290      291      321
     291      322      321
     291      292      322
     292      323      322
     292      293      323
     293      324      323
     293      294      324
     294      325      324
     294      295      325
     295      326      325
     295      296      326
     296      327      326
     296      297      327
     297      328      327
     297      298      328
     298      329      328
     298      299      329
     299      330      329
     299      300      330
     300      331      330
     300      301      331
     301      332      331
     301      302      332
     302      333      332
     302      303      333
     303      334      333
     303      304      334
     304      335      334
     304      305      335
     305      336      335
     305      306      336
     306      337      336
     306      307      337
     307      338      337
     307      308      338
     308      339      338
     308      309      339
     309      340      339
     310      311      341
     311      342      341
     311      312      342
     312      343      342
     312      313      343
     313      344      343
     313      314      344
     314      345      344
     314      315      345
     315      346      345
     315      316      346
     316      347      346
     316      317      347
     317      348      347
     317      318      348
     318      349      348
     318      319      349
     319      350      349
     319      320      350
     320      351      350
     320      321      351
     321      352      351
     321      322      352
     322      353      352
     322      323      353
     323      354      353
     323      324      354
     324      355      354
     324      325      355
     325      356      355
     325      326      356
     326      357      356
     326      327      357
     327      358      357
     327      328      358
     328      359      358
     328      329      359
     329      360      359
     329      330      360
     330      361      360
     330      331      361
     331      362      361
     331      332      362
     332      363      362
     332      333      363
     333      364      363
     333      334      364
     334      365      364
     334      335      365
     335      366      365
     335      336      366
     336      367      366
     336      337      367
     337      368      367
     337      338      368
     338      369      368
     338      339      369
     339      370      369
     339      340      370
     340      371      370
     341      342      372
     342      373      372
     342      343      373
     343      374      373
     343      344      374
     344      375      374
     344      345      375
     345      376      375
     345      346      376
     346      377      376
     346      347      377
     347      378      377
     347      348      378
     348      379      378
     348      349      379
     349      380      379
     349      350      380
     350      381      380
     350      351      381
     351      382      381
     351      352      382
     352      383      382
     352      353      383
     353      384      383
     353      354      384
     354      385      384
     354      355      385
     355      386      385
     355      356      386
     356      387      386
     356      357      387
     357      388      387
     357      358      388
     358      389      388
     358      359      389
     359      390      389
     359      360      390
     360      391      390
     360      361      391
     361      392      391
     361      362      392
     362      393      392
     362      363      393
     363      394      393
     363      364      394
     364      395      394
     364      365      395
     365      396      395
     365      366      396
     366      397      396
     366      367      397
     367      398      397
     367      368      398
     368      399      398
     368      369      399
     369      400      399
     369      370      400
     370      401      400
     370      371      401
     371      402      401
     372      373      403
     373      404      403
     373      374      404
     374      405      404
     374      375      405
     375      406      405
     375      376      406
     376      407      406
     376      377      407
     377      408      407
     377      378      408
     378      409      408
     378      379      409
     379      410      409
     379      380      410
     380      411      410
     380      381      411
     381      412      411
     381      382      412
     382      413      412
     382      383      413
     383      414      413
     383      384      414
     384      415      414
     384      385      415
     385      416      415
     385      386      416
     386      417      416
     386      387      417
     387      418      417
     387      388      418
     388      419      418
     388      389      419
     389      420      419
     389      390      420
     390      421      420
     390      391      421
     391      422      421
     391      392      422
     392      423      422
     392      393      423
     393      424      423
     393      394      424
     394      425      424
     394      395      425
     395      426      425
     395      396      426
     396      427      426
     396      397      427
     397      428      427
     397      398      428
     398      429      428
     398      399      429
     399      430      429
     399      400      430
     400      431      430
     400      401      431
     401      432      431
     401      402      432
     402      433      432
     403      404      434
     404      435      434
     404      405      435
     405      436      435
     405      406      436
     406      437      436
     406      407      437
     407      438      437
     407      408      438
     408      439      438
     408      409      439
     409      440      439
     409      410      440
     410      441      440
     410      411      441
     411      442      441
     411      412      442
     412      443      442
     412      413      443
     413      444      443
     413      414      444
     414      445      444
     414      415      445
     415      446      445
     415      416      446
     416      447      446
     416      417      447
     417      448      447
     417      418      448
     418      449      448
     418      419      449
     419      450      449
     419      420      450
     420      451      450
     420      421      451
     421      452      451
     421      422      452
     422      453      452
     422      423      453
     423      454      453
     423      424      454
     424      455      454
     424      425      455
     425      456      455
     425      426      456
     426      457      456
     426      427      457
     427      458      457
     427      428      458
     428      459      458
     428      429      459
     429      460      459
     429      430      460
     430      461      460
     430      431      461
     431      462      461
     431      432      462
     432      463      462
     432      433      463
     433      464      463
     434      435      465
     435      466      465
     435      436      466
     436      467      466
     436      437      467
     437      468      467
     437      438      468
     438      469      468
     438      439      469
     439      470      469
     439      440      470
     440      471      470
     440      441      471
     441      472      471
     441      442      472
     442      473      472
     442      443      473
     443      474      473
     443      444      474
     444      475      474
     444      445      475
     445      476      475
     445      446      476
     446      477      476
     446      447      477
     447      478      477
     447      448      478
     448      479      478
     448      449      479
     449      480      479
     449      450      480
     450      481      480
     450      451      481
     451      482      481
     451      452      482
     452      483      482
     452      453      483
     453      484      483
     453      454      484
     454      485      484
     454      455      485
     455      486      485
     455      456      486
     456      487      486
     456      457      487
     457      488      487
     457      458      488
     458      489      488
     458      459      489
     459      490      489
     459      460      490
     460      491      490
     460      461      491
     461      492      491
     461      462      492
     462      493      492
     462      463      493
     463      494      493
     463      464      494
     464      495      494
     465      466      496
     466      497      496
     466      467      497
     467      498      497
     467      468      498
     468      499      498
     468      469      499
     469      500      499
     469      470      500
     470      501      500
     470      471      501
     471      502      501
     471      472      502
     472      503      502
     472      473      503
     473      504      503
     473      474      504
     474      505      504
     474      475      505
     475      506      505
     475      476      506
     476      507      506
     476      477      507
     477      508      507
     477      478      508
     478      509      508
     478      479      509
     479      510      509
     479      480      510
     480      511      510
     480      481      511
     481      512      511
     481      482      512
     482      513      512
     482      483      513
     483      514      513
     483      484      514
     484      515      514
     484      485      515
     485      516      515
     485      486      516
     486      517      516
     486      487      517
     487      518      517
     487      488      518
     488      519      518
     488      489      519
     489      520      519
     489      490      520
     490      521      520
     490      491      521
     491      522      521
     491      492      522
     492      523      522
     492      493      523
     493      524      523
     493      494      524
     494      525      524
     494      495      525
     495      526      525
     496      497      527
     497      528      527
     497      498      528
     498      529      528
     498      499      529
     499      530      529
     499      500      530
     500      531      530
     500      501      531
     501      532      531
     501      502      532
     502      533      532
     502      503      533
     503      534      533
     503      504      534
     504      535      534
     504      505      535
     505      536      535
     505      506      536
     506      537      536
     506      507      537
     507      538      537
     507      508      538
     508      539      538
     508      509      539
     509      540      539
     509      510      540
     510      541      540
     510      511      541
     511      542      541
     511      512      542
     512      543      542
     512      513      543
     513      544      543
     513      514      544
     514      545      544
     514      515      545
     515      546      545
     515      516      546
     516      547      546
     516      517      547
     517      548      547
     517      518      548
     518      549      548
     518      519      549
     519      550      549
     519      520      550
     520      551      550
     520      521      551
     521      552      551
     521      522      552
     522      553      552
     522      523      553
     523      554      553
     523      524      554
     524      555      554
     524      525      555
     525      556      555
     525      526      556
     526      557      556
     527      528      558
     528      559      558
     528      529      559
     529      560      559
     529      530      560
     530      561      560
     530      531      561
     531      562      561
     531      532      562
     532      563      562
     532      533      563
     533      564      563
     533      534      564
     534      565      564
     534      535      565
     535      566      565
     535      536      566
     536      567      566
     536      537      567
     537      568      567
     537      538      568
     538      569      568
     538      539      569
     539      570      569
     539      540      570
     540      571      570
     540      541      571
     541      572      571
     541      542      572
     542      573      572
     542      543      573
     543      574      573
     543      544      574
     544      575      574
     544      545      575
     545      576      575
     545      546      576
     546      577      576
     546      547      577
     547      578      577
     547      548      578
     548      579      578
     548      549      579
     549      580      579
     549      550      580
     550      581      580
     550      551      581
     551      582      581
     551      552      582
     552      583      582
     552      553      583
     553      584      583
     553      554      584
     554      585      584
     554      555      585
     555      586      585
     555      556      586
     556      587      586
     556      557      587
     557      588      587
     558      559      589
     559      590      589
     559      560      590
     560      591      590
     560      561      591
     561      592      591
     561      562      592
     562      593      592
     562      563      593
     563      594      593
     563      564      594
     564      595      594
     564      565      595
     565      596      595
     565      566      596
     566      597      596
     566      567      597
     567      598      597
     567      568      598
     568      599      598
     568      569      599
     569      600      599
     569      570      600
     570      601      600
     570      571      601
     571      602      601
     571      572      602
     572      603      602
     572      573      603
     573      604      603
     573      574      604
     574      605      604
     574      575      605
     575      606      605
     575      576      606
     576      607      606
     576      577      607
     577      608      607
     577      578      608
     578      609      608
     578      579      609
     579      610      609
     579      580      610
     580      611      610
     580      581      611
     581      612      611
     581      582      612
     582      613      612
     582      583      613
     583      614      613
     583      584      614
     584      615      614
     584      585      615
     585      616      615
     585      586      616
     586      617      616
     586      587      617
     587      618      617
     587      588      618
     588      619      618
     589      590      620
     590      621      620
     590      591      621
     591      622      621
     591      592      622
     592      623      622
     592      593      623
     593      624      623
     593      594      624
     594      625      624
     594      595      625
     595      626      625
     595      596      626
     596      627      626
     596      597      627
     597      628      627
     597      598      628
     598      629      628
     598      599      629
     599      630      629
     599      600      630
     600      631      630
     600      601      631
     601      632      631
     601      602      632
     602      633      632
     602      603      633
     603      634      633
     603      604      634
     604      635      634
     604      605      635
     605      636      635
     605      606      636
     606      637      636
     606      607      637
     607      638      637
     607      608      638
     608      639      638
     608      609      639
     609      640      639
     609      610      640
     610      641      640
     610      611      641
     611      642      641
     611      612      642
     612      643      642
     612      613      643
     613      644      643
     613      614      644
     614      645      644
     614      615      645
     615      646      645
     615      616      646
     616      647      646
     616      617      647
     617      648      647
     617      618      648
     618      649      648
     618      619      649
     619      650      649
     620      621      651
     621      652      651
     621      622      652
     622      653      652
     622      623      653
     623      654      653
     623      624      654
     624      655      654
     624      625      655
     625      656      655
     625      626      656
     626      657      656
     626      627      657
     627      658      657
     627      628      658
     628      659      658
     628      629      659
     629      660      659
     629      630      660
     630      661      660
     630      631      661
     631      662      661
     631      632      662
     632      663      662
     632      633      663
     633      664      663
     633      634      664
     634      665      664
     634      635      665
     635      666      665
     635      636      666
     636      667      666
     636      637      667
     637      668      667
     637      638      668
     638      669      668
     638      639      669
     639      670      669
     639      640      670
     640      671      670
     640      641      671
     641      672      671
     641      642      672
     642      673      672
     642      643      673
     643      674      673
     643      644      674
     644      675      674
     644      645      675
     645      676      675
     645      646      676
     646      677      676
     646      647      677
     647      678      677
     647      648      678
     648      679      678
     648      649      679
     649      680      679
     649      650      680
     650      681      680
     651      652      682
     652      683      682
     652      653      683
     653      684      683
     653      654      684
     654      685      684
     654      655      685
     655      686      685
     655      656      686
     656      687      686
     656      657      687
     657      688      687
     657      658      688
     658      689      688
     658      659      689
     659      690      689
     659      660      690
     660      691      690
     660      661      691
     661      692      691
     661      662      692
     662      693      692
     662      663      693
     663      694      693
     663      664      694
     664      695      694
     664      665      695
     665      696      695
     665      666      696
     666      697      696
     666      667      697
     667      698      697
     667      668      698
     668      699      698
     668      669      699
     669      700      699
     669      670      700
     670      701      700
     670      671      701
     671      702      701
     671      672      702
     672      703      702
     672      673      703
     673      704      703
     673      674      704
     674      705      704
     674      675      705
     675      706      705
     675      676      706
     676      707      706
     676      677      707
     677      708      707
     677      678      708
     678      709      708
     678      679      709
     679      710      709
     679      680      710
     680      711      710
     680      681      711
     681      712      711
     682      683      713
     683      714      713
     683      684      714
     684      715      714
     684      685      715
     685      716      715
     685      686      716
     686      717      716
     686      687      717
     687      718      717
     687      688      718
     688      719      718
     688      689      719
     689      720      719
     689      690      720
     690      721      720
     690      691      721
     691      722      721
     691      692      722
     692      723      722
     692      693      723
     693      724      723
     693      694      724
     694      725      724
     694      695      725
     695      726      725
     695      696      726
     696      727      726
     696      697      727
     697      728      727
     697      698      728
     698      729      728
     698      699      729
     699      730      729
     699      700      730
     700      731      730
     700      701      731
     701      732      731
     701      702      732
     702      733      732
     702      703      733
     703      734      733
     703      704      734
     704      735      734
     704      705      735
     705      736      735
     705      706      736
     706      737      736
     706      707      737
     707      738      737
     707      708      738
     708      739      738
     708      709      739
     709      740      739
     709      710      740
     710      741      740
     710      711      741
     711      742      741
     711      712      742
     712      743      742
     713      714      744
     714      745      744
     714      715      745
     715      746      745
     715      716      746
     716      747      746
     716      717      747
     717      748      747
     717      718      748
     718      749      748
     718      719      749
     719      750      749
     719      720      750
     720      751      750
     720      721      751
     721      752      751
     721      722      752
     722      753      752
     722      723      753
     723      754      753
     723      724      754
     724      755      754
     724      725      755
     725      756      755
     725      726      756
     726      757      756
     726      727      757
     727      758      757
     727      728      758
     728      759      758
     728      729      759
     729      760      759
     729      730      760
     730      761      760
     730      731      761
     731      762      761
     731      732      762
     732      763      762
     732      733      763
     733      764      763
     733      734      764
     734      765      764
     734      735      765
     735      766      765
     735      736      766
     736      767      766
     736      737      767
     737      768      767
     737      738      768
     738      769      768
     738      739      769
     739      770      769
     739      740      770
     740      771      770
     740      741      771
     741      772      771
     741      742      772
     742      773      772
     742      743      773
     743      774      773
     744      745      775
     745      776      775
     745      746      776
     746      777      776
     746      747      777
     747      778      777
     747      748      778
     748      779      778
     748      749      779
     749      780      779
     749      750      780
     750      781      780
     750      751      781
     751      782      781
     751      752      782
     752      783      782
     752      753      783
     753      784      783
     753      754      784
     754      785      784
     754      755      785
     755      786      785
     755      756      786
     756      787      786
     756      757      787
     757      788      787
     757      758      788
     758      789      788
     758      759      789
     759      790      789
     759      760      790
     760      791      790
     760      761      791
     761      792      791
     761      762      792
     762      793      792
     762      763      793
     763      794      793
     763      764      794
     764      795      794
     764      765      795
     765      796      795
     765      766      796
     766      797      796
     766      767      797
     767      798      797
     767      768      798
     768      799      798
     768      769      799
     769      800      799
     769      770      800
     770      801      800
     770      771      801
     771      802      801
     771      772      802
     772      803      802
     772      773      803
     773      804      803
     773      774      804
     774      805      804
     775      776      806
     776      807      806
     776      777      807
     777      808      807
     777      778      808
     778      809      808
     778      779      809
     779      810      809
     779      780      810
     780      811      810
     780      781      811
     781      812      811
     781      782      812
     782      813      812
     782      783      813
     783      814      813
     783      784      814
     784      815      814
     784      785      815
     785      816      815
     785      786      816
     786      817      816
     786      787      817
     787      818      817
     787      788      818
     788      819      818
     788      789      819
     789      820      819
     789      790      820
     790      821      820
     790      791      821
     791      822      821
     791      792      822
     792      823      822
     792      793      823
     793      824      823
     793      794      824
     794      825      824
     794      795      825
     795      826      825
     795      796      826
     796      827      826
     796      797      827
     797      828      827
     797      798      828
     798      829      828
     798      799      829
     799      830      829
     799      800      830
     800      831      830
     800      801      831
     801      832      831
     801      802      832
     802      833      832
     802      803      833
     803      834      833
     803      804      834
     804      835      834
     804      805      835
     805      836      835
     806      807      837
     807      838      837
     807      808      838
     808      839      838
     808      809      839
     809      840      839
     809      810      840
     810      841      840
     810      811      841
     811      842      841
     811      812      842
     812      843      842
     812      813      843
     813      844      843
     813      814      844
     814      845      844
     814      815      845
     815      846      845
     815      816      846
     816      847      846
     816      817      847
     817      848      847
     817      818      848
     818      849      848
     818      819      849
     819      850      849
     819      820      850
     820      851      850
     820      821      851
     821      852      851
     821      822      852
     822      853      852
     822      823      853
     823      854      853
     823      824      854
     824      855      854
     824      825      855
     825      856      855
     825      826      856
     826      857      856
     826      827      857
     827      858      857
     827      828      858
     828      859      858
     828      829      859
     829      860      859
     829      830      860
     830      861      860
     830      831      861
     831      862      861
     831      832      862
     832      863      862
     832      833      863
     833      864      863
     833      834      864
     834      865      864
     834      835      865
     835      866      865
     835      836      866
     836      867      866
     837      838      868
     838      869      868
     838      839      869
     839      870      869
     839      840      870
     840      871      870
     840      841      871
     841      872      871
     841      842      872
     842      873      872
     842      843      873
     843      874      873
     843      844      874
     844      875      874
     844      845      875
     845      876      875
     845      846      876
     846      877      876
     846      847      877
     847      878      877
     847      848      878
     848      879      878
     848      849      879
     849      880      879
     849      850      880
     850      881      880
     850      851      881
     851      882      881
     851      852      882
     852      883      882
     852      853      883
     853      884      883
     853      854      884
     854      885      884
     854      855      885
     855      886      885
     855      856      886
     856      887      886
     856      857      887
     857      888      887
     857      858      888
     858      889      888
     858      859      889
     859      890      889
     859      860      890
     860      891      890
     860      861      891
     861      892      891
     861      862      892
     862      893      892
     862      863      893
     863      894      893
     863      864      894
     864      895      894
     864      865      895
     865      896      895
     865      866      896
     866      897      896
     866      867      897
     867      898      897
     868      869      899
     869      900      899
     869      870      900
     870      901      900
     870      871      901
     871      902      901
     871      872      902
     872      903      902
     872      873      903
     873      904      903
     873      874      904
     874      905      904
     874      875      905
     875      906      905
     875      876      906
     876      907      906
     876      877      907
     877      908      907
     877      878      908
     878      909      908
     878      879      909
     879      910      909
     879      880      910
     880      911      910
     880      881      911
     881      912      911
     881      882      912
     882      913      912
     882      883      913
     883      914      913
     883      884      914
     884      915      914
     884      885      915
     885      916      915
     885      886      916
     886      917      916
     886      887      917
     887      918      917
     887      888      918
     888      919      918
     888      889      919
     889      920      919
     889      890      920
     890      921      920
     890      891      921
     891      922      921
     891      892      922
     892      923      922
     892      893      923
     893      924      923
     893      894      924
     894      925      924
     894      895      925
     895      926      925
     895      896      926
     896      927      926
     896      897      927
     897      928      927
     897      898      928
     898      929      928
     899      900      930
     900      931      930
     900      901      931
     901      932      931
     901      902      932
     902      933      932
     902      903      933
     903      934      933
     903      904      934
     904      935      934
     904      905      935
     905      936      935
     905      906      936
     906      937      936
     906      907      937
     907      938      937
     907      908      938
     908      939      938
     908      909      939
     909      940      939
     909      910      940
     910      941      940
     910      911      941
     911      942      941
     911      912      942
     912      943      942
     912      913      943
     913      944      943
     913      914      944
     914      945      944
     914      915      945
     915      946      945
     915      916      946
     916      947      946
     916      917      947
     917      948      947
     917      918      948
     918      949      948
     918      919      949
     919      950      949
     919      920      950
     920      951      950
     920      921      951
     921      952      951
     921      922      952
     922      953      952
     922      923      953
     923      954      953
     923      924      954
     924      955      954
     924      925      955
     925      956      955
     925      926      956
     926      957      956
     926      927      957
     927      958      957
     927      928      958
     928      959      958
     928      929      959
     929      960      959
     930      931      961
     931      962      961
     931      932      962
     932      963      962
     932      933      963
     933      964      963
     933      934      964
     934      965      964
     934      935      965
     935      966      965
     935      936      966
     936      967      966
     936      937      967
     937      968      967
     937      938      968
     938      969      968
     938      939      969
     939      970      969
     939      940      970
     940      971      970
     940      941      971
     941      972      971
     941      942      972
     942      973      972
     942      943      973
     943      974      973
     943      944      974
     944      975      974
     944      945      975
     945      976      975
     945      946      976
     946      977      976
     946      947      977
     947      978      977
     947      948      978
     948      979      978
     948      949      979
     949      980      979
     949      950      980
     950      981      980
     950      951      981
     951      982      981
     951      952      982
     952      983      982
     952      953      983
     953      984      983
     953      954      984
     954      985      984
     954      955      985
     955      986      985
     955      956      986
     956      987      986
     956      957      987
     957      988      987
     957      958      988
     958      989      988
     958      959      989
     959      990      989
     959      960      990
     960      991      990
     961      962      992
     962      993      992
     962      963      993
     963      994      993
     963      964      994
     964      995      994
     964      965      995
     965      996      995
     965      966      996
     966      997      996
     966      967      997
     967      998      997
     967      968      998
     968      999      998
     968      969      999
     969     1000      999
     969      970     1000
     970     1001     1000
     970      971     1001
     971     1002     1001
     971      972     1002
     972     1003     1002
     972      973     1003
     973     1004     1003
     973      974     1004
     974     1005     1004
     974      975     1005
     975     1006     1005
     975      976     1006
     976     1007     1006
     976      977     1007
     977     1008     1007
     977      978     1008
     978     1009     1008
     978      979     1009
     979     1010     1009
     979      980     1010
     980     1011     1010
     980      981     1011
     981     1012     1011
     981      982     1012
     982     1013     1012
     982      983     1013
     983     1014     1013
     983      984     1014
     984     1015     1014
     984      985     1015
     985     1016     1015
     985      986     1016
     986     1017     1016
     986      987     1017
     987     1018     1017
     987      988     1018
     988     1019     1018
     988      989     1019
     989     1020     1019
     989      990     1020
     990     1021     1020
     990      991     1021
     991     1022     1021
     992      993     1023
     993     1024     1023
     993      994     1024
     994     1025     1024
     994      995     1025
     995     1026     1025
     995      996     1026
     996     1027     1026
     996      997     1027
     997     1028     1027
     997      998     1028
     998     1029     1028
     998      999     1029
     999     1030     1029
     999     1000     1030
    1000     1031     1030
    1000     1001     1031
    1001     1032     1031
    1001     1002     1032
    1002     1033     1032
    1002     1003     1033
    1003     1034     1033
    1003     1004     1034
    1004     1035     1034
    1004     1005     1035
    1005     1036     1035
    1005     1006     1036
    1006     1037     1036
    1006     1007     1037
    1007     1038     1037
    1007     1008     1038
    1008     1039     1038
    1008     1009     1039
    1009     1040     1039
    1009     1010     1040
    1010     1041     1040
    1010     1011     1041
    1011     1042     1041
    1011     1012     1042
    1012     1043     1042
    1012     1013     1043
    1013     1044     1043
    1013     1014     1044
    1014     1045     1044
    1014     1015     1045
    1015     1046     1045
    1015     1016     1046
    1016     1047     1046
    1016     1017     1047
    1017     1048     1047
    1017     1018     1048
    1018     1049     1048
    1018     1019     1049
    1019     1050     1049
    1019     1020     1050
    1020     1051     1050
    1020     1021     1051
    1021     1052     1051
    1021     1022     1052
    1022     1053     1052
    1023     1024     1054
    1024     1055     1054
    1024     1025     1055
    1025     1056     1055
    1025     1026     1056
    1026     1057     1056
    1026     1027     1057
    1027     1058     1057
    1027     1028     1058
    1028     1059     1058
    1028     1029     1059
    1029     1060     1059
    1029     1030     1060
    1030     1061     1060
    1030     1031     1061
    1031     1062     1061
    1031     1032     1062
    1032     1063     1062
    1032     1033     1063
    1033     1064     1063
    1033     1034     1064
    1034     1065     1064
    1034     1035     1065
    1035     1066     1065
    1035     1036     1066
    1036     1067     1066
    1036     1037     1067
    1037     1068     1067
    1037     1038     1068
    1038     1069     1068
    1038     1039     1069
    1039     1070     1069
    1039     1040     1070
    1040     1071     1070
    1040     1041     1071
    1041     1072     1071
    1041     1042     1072
    1042     1073     1072
    1042     1043     1073
    1043     1074     1073
    1043     1044     1074
    1044     1075     1074
    1044     1045     1075
    1045     1076     1075
    1045     1046     1076
    1046     1077     1076
    1046     1047     1077
    1047     1078     1077
    1047     1048     1078
    1048     1079     1078
    1048     1049     1079
    1049     1080     1079
    1049     1050     1080
    1050     1081     1080
    1050     1051     1081
    1051     1082     1081
    1051     1052     1082
    1052     1083     1082
    1052     1053     1083
    1053     1084     1083
    1054     1055     1085
    1055     1086     1085
    1055     1056     1086
    1056     1087     1086
    1056     1057     1087
    1057     1088     1087
    1057     1058     1088
    1058     1089     1088
    1058     1059     1089
    1059     1090     1089
    1059     1060     1090
    1060     1091     1090
    1060     1061     1091
    1061     1092     1091
    1061     1062     1092
    1062     1093     1092
    1062     1063     1093
    1063     1094     1093
    1063     1064     1094
    1064     1095     1094
    1064     1065     1095
    1065     1096     1095
    1065     1066     1096
    1066     1097     1096
    1066     1067     1097
    1067     1098     1097
    1067     1068     1098
    1068     1099     1098
    1068     1069     1099
    1069     1100     1099
    1069     1070     1100
    1070     1101     1100
    1070     1071     1101
    1071     1102     1101
    1071     1072     1102
    1072     1103     1102
    1072     1073     1103
    1073     1104     1103
    1073     1074     1104
    1074     1105     1104
    1074     1075     1105
    1075     1106     1105
    1075     1076     1106
    1076     1107     1106
    1076     1077     1107
    1077     1108     1107
    1077     1078     1108
    1078     1109     1108
    1078     1079     1109
    1079     1110     1109
    1079     1080     1110
    1080     1111     1110
    1080     1081     1111
    1081     1112     1111
    1081     1082     1112
    1082     1113     1112
    1082     1083     1113
    1083     1114     1113
    1083     1084     1114
    1084     1115     1114
    1085     1086     1116
    1086     1117     1116
    1086     1087     1117
    1087     1118     1117
    1087     1088     1118
    1088     1119     1118
    1088     1089     1119
    1089     1120     1119
    1089     1090     1120
    1090     1121     1120
    1090     1091     1121
    1091     1122     1121
    1091     1092     1122
    1092     1123     1122
    1092     1093     1123
    1093     1124     1123
    1093     1094     1124
    1094     1125     1124
    1094     1095     1125
    1095     1126     1125
    1095     1096     1126
    1096     1127     1126
    1096     1097     1127
    1097     1128     1127
    1097     1098     1128
    1098     1129     1128
    1098     1099     1129
    1099     1130     1129
    1099     1100     1130
    1100     1131     1130
    1100     1101     1131
    1101     1132     1131
    1101     1102     1132
    1102     1133     1132
    1102     1103     1133
    1103     1134     1133
    1103     1104     1134
    1104     1135     1134
    1104     1105     1135
    1105     1136     1135
    1105     1106     1136
    1106     1137     1136
    1106     1107     1137
    1107     1138     1137
    1107     1108     1138
    1108     1139     1138
    1108     1109     1139
    1109     1140     1139
    1109     1110     1140
    1110     1141     1140
    1110     1111     1141
    1111     1142     1141
    1111     1112     1142
    1112     1143     1142
    1112     1113     1143
    1113     1144     1143
    1113     1114     1144
    1114     1145     1144
    1114     1115     1145
    1115     1146     1145
    1116     1117     1147
    1117     1148     1147
    1117     1118     1148
    1118     1149     1148
    1118     1119     1149
    1119     1150     1149
    1119     1120     1150
    1120     1151     1150
    1120     1121     1151
    1121     1152     1151
    1121     1122     1152
    1122     1153     1152
    1122     1123     1153
    1123     1154     1153
    1123     1124     1154
    1124     1155     1154
    1124     1125     1155
    1125     1156     1155
    1125     1126     1156
    1126     1157     1156
    1126     1127     1157
    1127     1158     1157
    1127     1128     1158
    1128     1159     1158
    1128     1129     1159
    1129     1160     1159
    1129     1130     1160
    1130     1161     1160
    1130     1131     1161
    1131     1162     1161
    1131     1132     1162
    1132     1163     1162
    1132     1133     1163
    1133     1164     1163
    1133     1134     1164
    1134     1165     1164
    1134     1135     1165
    1135     1166     1165
    1135     1136     1166
    1136     1167     1166
    1136     1137     1167
    1137     1168     1167
    1137     1138     1168
    1138     1169     1168
    1138     1139     1169
    1139     1170     1169
    1139     1140     1170
    1140     1171     1170
    1140     1141     1171
    1141     1172     1171
    1141     1142     1172
    1142     1173     1172
    1142     1143     1173
    1143     1174     1173
    1143     1144     1174
    1144     1175     1174
    1144     1145     1175
    1145     1176     1175
    1145     1146     1176
    1146     1177     1176
    1147     1148     1178
    1148     1179     1178
    1148     1149     1179
    1149     1180     1179
    1149     1150     1180
    1150     1181     1180
    1150     1151     1181
    1151     1182     1181
    1151     1152     1182
    1152     1183     1182
    1152     1153     1183
    1153     1184     1183
    1153     1154     1184
    1154     1185     1184
    1154     1155     1185
    1155     1186     1185
    1155     1156     1186
    1156     1187     1186
    1156     1157     1187
    1157     1188     1187
    1157     1158     1188
    1158     1189     1188
    1158     1159     1189
    1159     1190     1189
    1159     1160     1190
    1160     1191     1190
    1160     1161     1191
    1161     1192     1191
    1161     1162     1192
    1162     1193     1192
    1162     1163     1193
    1163     1194     1193
    1163     1164     1194
    1164     1195     1194
    1164     1165     1195
    1165     1196     1195
    1165     1166     1196
    1166     1197     1196
    1166     1167     1197
    1167     1198     1197
    1167     1168     1198
    1168     1199     1198
    1168     1169     1199
    1169     1200     1199
    1169     1170     1200
    1170     1201     1200
    1170     1171     1201
    1171     1202     1201
    1171     1172     1202
    1172     1203     1202
    1172     1173     1203
    1173     1204     1203
    1173     1174     1204
    1174     1205     1204
    1174     1175     1205
    1175     1206     1205
    1175     1176     1206
    1176     1207     1206
    1176     1177     1207
    1177     1208     1207
    1178     1179     1209
    1179     1210     1209
    1179     1180     1210
    1180     1211     1210
    1180     1181     1211
    1181     1212     1211
    1181     1182     1212
    1182     1213     1212
    1182     1183     1213
    1183     1214     1213
    1183     1184     1214
    1184     1215     1214
    1184     1185     1215
    1185     1216     1215
    1185     1186     1216
    1186     1217     1216
    1186     1187     1217
    1187     1218     1217
    1187     1188     1218
    1188     1219     1218
    1188     1189     1219
    1189     1220     1219
    1189     1190     1220
    1190     1221     1220
    1190     1191     1221
    1191     1222     1221
    1191     1192     1222
    1192     1223     1222
    1192     1193     1223
    1193     1224     1223
    1193     1194     1224
    1194     1225     1224
    1194     1195     1225
    1195     1226     1225
    1195     1196     1226
    1196     1227     1226
    1196     1197     1227
    1197     1228     1227
    1197     1198     1228
    1198     1229     1228
    1198     1199     1229
    1199     1230     1229
    1199     1200     1230
    1200     1231     1230
    1200     1201     1231
    1201     1232     1231
    1201     1202     1232
    1202     1233     1232
    1202     1203     1233
    1203     1234     1233
    1203     1204     1234
    1204     1235     1234
    1204     1205     1235
    1205     1236     1235
    1205     1206     1236
    1206     1237     1236
    1206     1207     1237
    1207     1238     1237
    1207     1208     1238
    1208     1239     1238
    1209     1210     1240
    1210     1241     1240
    1210     1211     1241
    1211     1242     1241
    1211     1212     1242
    1212     1243     1242
    1212     1213     1243
    1213     1244     1243
    1213     1214     1244
    1214     1245     1244
    1214     1215     1245
    1215     1246     1245
    1215     1216     1246
    1216     1247     1246
    1216     1217     1247
    1217     1248     1247
    1217     1218     1248
    1218     1249     1248
    1218     1219     1249
    1219     1250     1249
    1219     1220     1250
    1220     1251     1250
    1220     1221     1251
    1221     1252     1251
    1221     1222     1252
    1222     1253     1252
    1222     1223     1253
    1223     1254     1253
    1223     1224     1254
    1224     1255     1254
    1224     1225     1255
    1225     1256     1255
    1225     1226     1256
    1226     1257     1256
    1226     1227     1257
    1227     1258     1257
    1227     1228     1258
    1228     1259     1258
    1228     1229     1259
    1229     1260     1259
    1229     1230     1260
    1230     1261     1260
    1230     1231     1261
    1231     1262     1261
    1231     1232     1262
    1232     1263     1262
    1232     1233     1263
    1233     1264     1263
    1233     1234     1264
    1234     1265     1264
    1234     1235     1265
    1235     1266     1265
    1235     1236     1266
    1236     1267     1266
    1236     1237     1267
    1237     1268     1267
    1237     1238     1268
    1238     1269     1268
    1238     1239     1269
