    1269 
       1   0.0000  31.0000        1
       2   0.0000  32.0000        1
       3   0.0000  33.0000        1
       4   0.0000  34.0000        1
       5   0.0000  35.0000        1
       6   0.0000  36.0000        1
       7   0.0000  37.0000        1
       8   0.0000  38.0000        1
       9   0.0000  39.0000        1
      10   0.0000  40.0000        1
      11   0.0000  41.0000        1
      12   0.0000  42.0000        1
      13   0.0000  43.0000        1
      14   0.0000  44.0000        1
      15   0.0000  45.0000        1
      16   0.0000  46.0000        1
      17   0.0000  47.0000        1
      18   0.0000  48.0000        1
      19   0.0000  49.0000        1
      20   0.0000  50.0000        1
      21   0.0000  51.0000        1
      22   0.0000  52.0000        1
      23   0.0000  53.0000        1
      24   0.0000  54.0000        1
      25   0.0000  55.0000        1
      26   0.0000  56.0000        1
      27   0.0000  57.0000        1
      28   0.0000  58.0000        1
      29   0.0000  59.0000        1
      30   0.0000  60.0000        1
      31   1.0000  30.0000        1
      32   1.0000  31.0000        0
      33   1.0000  32.0000        0
      34   1.0000  33.0000        0
      35   1.0000  34.0000        0
      36   1.0000  35.0000        0
      37   1.0000  36.0000        0
      38   1.0000  37.0000        0
      39   1.0000  38.0000        0
      40   1.0000  39.0000        0
      41   1.0000  40.0000        0
      42   1.0000  41.0000        0
      43   1.0000  42.0000        0
      44   1.0000  43.0000        0
      45   1.0000  44.0000        0
      46   1.0000  45.0000        0
      47   1.0000  46.0000        0
      48   1.0000  47.0000        0
      49   1.0000  48.0000        0
      50   1.0000  49.0000        0
      51   1.0000  50.0000        0
      52   1.0000  51.0000        0
      53   1.0000  52.0000        0
      54   1.0000  53.0000        0
      55   1.0000  54.0000        0
      56   1.0000  55.0000        0
      57   1.0000  56.0000        0
      58   1.0000  57.0000        0
      59   1.0000  58.0000        0
      60   1.0000  59.0000        0
      61   1.0000  60.0000        1
      62   2.0000  30.0000        1
      63   2.0000  31.0000        0
      64   2.0000  32.0000        0
      65   2.0000  33.0000        0
      66   2.0000  34.0000        0
      67   2.0000  35.0000        0
      68   2.0000  36.0000        0
      69   2.0000  37.0000        0
      70   2.0000  38.0000        0
      71   2.0000  39.0000        0
      72   2.0000  40.0000        0
      73   2.0000  41.0000        0
      74   2.0000  42.0000        0
      75   2.0000  43.0000        0
      76   2.0000  44.0000        0
      77   2.0000  45.0000        0
      78   2.0000  46.0000        0
      79   2.0000  47.0000        0
      80   2.0000  48.0000        0
      81   2.0000  49.0000        0
      82   2.0000  50.0000        0
      83   2.0000  51.0000        0
      84   2.0000  52.0000        0
      85   2.0000  53.0000        0
      86   2.0000  54.0000        0
      87   2.0000  55.0000        0
      88   2.0000  56.0000        0
      89   2.0000  57.0000        0
      90   2.0000  58.0000        0
      91   2.0000  59.0000        0
      92   2.0000  60.0000        1
      93   3.0000  30.0000        1
      94   3.0000  31.0000        0
      95   3.0000  32.0000        0
      96   3.0000  33.0000        0
      97   3.0000  34.0000        0
      98   3.0000  35.0000        0
      99   3.0000  36.0000        0
     100   3.0000  37.0000        0
     101   3.0000  38.0000        0
     102   3.0000  39.0000        0
     103   3.0000  40.0000        0
     104   3.0000  41.0000        0
     105   3.0000  42.0000        0
     106   3.0000  43.0000        0
     107   3.0000  44.0000        0
     108   3.0000  45.0000        0
     109   3.0000  46.0000        0
     110   3.0000  47.0000        0
     111   3.0000  48.0000        0
     112   3.0000  49.0000        0
     113   3.0000  50.0000        0
     114   3.0000  51.0000        0
     115   3.0000  52.0000        0
     116   3.0000  53.0000        0
     117   3.0000  54.0000        0
     118   3.0000  55.0000        0
     119   3.0000  56.0000        0
     120   3.0000  57.0000        0
     121   3.0000  58.0000        0
     122   3.0000  59.0000        0
     123   3.0000  60.0000        1
     124   4.0000  30.0000        1
     125   4.0000  31.0000        0
     126   4.0000  32.0000        0
     127   4.0000  33.0000        0
     128   4.0000  34.0000        0
     129   4.0000  35.0000        0
     130   4.0000  36.0000        0
     131   4.0000  37.0000        0
     132   4.0000  38.0000        0
     133   4.0000  39.0000        0
     134   4.0000  40.0000        0
     135   4.0000  41.0000        0
     136   4.0000  42.0000        0
     137   4.0000  43.0000        0
     138   4.0000  44.0000        0
     139   4.0000  45.0000        0
     140   4.0000  46.0000        0
     141   4.0000  47.0000        0
     142   4.0000  48.0000        0
     143   4.0000  49.0000        0
     144   4.0000  50.0000        0
     145   4.0000  51.0000        0
     146   4.0000  52.0000        0
     147   4.0000  53.0000        0
     148   4.0000  54.0000        0
     149   4.0000  55.0000        0
     150   4.0000  56.0000        0
     151   4.0000  57.0000        0
     152   4.0000  58.0000        0
     153   4.0000  59.0000        0
     154   4.0000  60.0000        1
     155   5.0000  30.0000        1
     156   5.0000  31.0000        0
     157   5.0000  32.0000        0
     158   5.0000  33.0000        0
     159   5.0000  34.0000        0
     160   5.0000  35.0000        0
     161   5.0000  36.0000        0
     162   5.0000  37.0000        0
     163   5.0000  38.0000        0
     164   5.0000  39.0000        0
     165   5.0000  40.0000        0
     166   5.0000  41.0000        0
     167   5.0000  42.0000        0
     168   5.0000  43.0000        0
     169   5.0000  44.0000        0
     170   5.0000  45.0000        0
     171   5.0000  46.0000        0
     172   5.0000  47.0000        0
     173   5.0000  48.0000        0
     174   5.0000  49.0000        0
     175   5.0000  50.0000        0
     176   5.0000  51.0000        0
     177   5.0000  52.0000        0
     178   5.0000  53.0000        0
     179   5.0000  54.0000        0
     180   5.0000  55.0000        0
     181   5.0000  56.0000        0
     182   5.0000  57.0000        0
     183   5.0000  58.0000        0
     184   5.0000  59.0000        0
     185   5.0000  60.0000        1
     186   6.0000  30.0000        1
     187   6.0000  31.0000        0
     188   6.0000  32.0000        0
     189   6.0000  33.0000        0
     190   6.0000  34.0000        0
     191   6.0000  35.0000        0
     192   6.0000  36.0000        0
     193   6.0000  37.0000        0
     194   6.0000  38.0000        0
     195   6.0000  39.0000        0
     196   6.0000  40.0000        0
     197   6.0000  41.0000        0
     198   6.0000  42.0000        0
     199   6.0000  43.0000        0
     200   6.0000  44.0000        0
     201   6.0000  45.0000        0
     202   6.0000  46.0000        0
     203   6.0000  47.0000        0
     204   6.0000  48.0000        0
     205   6.0000  49.0000        0
     206   6.0000  50.0000        0
     207   6.0000  51.0000        0
     208   6.0000  52.0000        0
     209   6.0000  53.0000        0
     210   6.0000  54.0000        0
     211   6.0000  55.0000        0
     212   6.0000  56.0000        0
     213   6.0000  57.0000        0
     214   6.0000  58.0000        0
     215   6.0000  59.0000        0
     216   6.0000  60.0000        1
     217   7.0000  30.0000        1
     218   7.0000  31.0000        0
     219   7.0000  32.0000        0
     220   7.0000  33.0000        0
     221   7.0000  34.0000        0
     222   7.0000  35.0000        0
     223   7.0000  36.0000        0
     224   7.0000  37.0000        0
     225   7.0000  38.0000        0
     226   7.0000  39.0000        0
     227   7.0000  40.0000        0
     228   7.0000  41.0000        0
     229   7.0000  42.0000        0
     230   7.0000  43.0000        0
     231   7.0000  44.0000        0
     232   7.0000  45.0000        0
     233   7.0000  46.0000        0
     234   7.0000  47.0000        0
     235   7.0000  48.0000        0
     236   7.0000  49.0000        0
     237   7.0000  50.0000        0
     238   7.0000  51.0000        0
     239   7.0000  52.0000        0
     240   7.0000  53.0000        0
     241   7.0000  54.0000        0
     242   7.0000  55.0000        0
     243   7.0000  56.0000        0
     244   7.0000  57.0000        0
     245   7.0000  58.0000        0
     246   7.0000  59.0000        0
     247   7.0000  60.0000        1
     248   8.0000  30.0000        1
     249   8.0000  31.0000        0
     250   8.0000  32.0000        0
     251   8.0000  33.0000        0
     252   8.0000  34.0000        0
     253   8.0000  35.0000        0
     254   8.0000  36.0000        0
     255   8.0000  37.0000        0
     256   8.0000  38.0000        0
     257   8.0000  39.0000        0
     258   8.0000  40.0000        0
     259   8.0000  41.0000        0
     260   8.0000  42.0000        0
     261   8.0000  43.0000        0
     262   8.0000  44.0000        0
     263   8.0000  45.0000        0
     264   8.0000  46.0000        0
     265   8.0000  47.0000        0
     266   8.0000  48.0000        0
     267   8.0000  49.0000        0
     268   8.0000  50.0000        0
     269   8.0000  51.0000        0
     270   8.0000  52.0000        0
     271   8.0000  53.0000        0
     272   8.0000  54.0000        0
     273   8.0000  55.0000        0
     274   8.0000  56.0000        0
     275   8.0000  57.0000        0
     276   8.0000  58.0000        0
     277   8.0000  59.0000        0
     278   8.0000  60.0000        1
     279   9.0000  30.0000        1
     280   9.0000  31.0000        0
     281   9.0000  32.0000        0
     282   9.0000  33.0000        0
     283   9.0000  34.0000        0
     284   9.0000  35.0000        0
     285   9.0000  36.0000        0
     286   9.0000  37.0000        0
     287   9.0000  38.0000        0
     288   9.0000  39.0000        0
     289   9.0000  40.0000        0
     290   9.0000  41.0000        0
     291   9.0000  42.0000        0
     292   9.0000  43.0000        0
     293   9.0000  44.0000        0
     294   9.0000  45.0000        0
     295   9.0000  46.0000        0
     296   9.0000  47.0000        0
     297   9.0000  48.0000        0
     298   9.0000  49.0000        0
     299   9.0000  50.0000        0
     300   9.0000  51.0000        0
     301   9.0000  52.0000        0
     302   9.0000  53.0000        0
     303   9.0000  54.0000        0
     304   9.0000  55.0000        0
     305   9.0000  56.0000        0
     306   9.0000  57.0000        0
     307   9.0000  58.0000        0
     308   9.0000  59.0000        0
     309   9.0000  60.0000        1
     310  10.0000  30.0000        1
     311  10.0000  31.0000        0
     312  10.0000  32.0000        0
     313  10.0000  33.0000        0
     314  10.0000  34.0000        0
     315  10.0000  35.0000        0
     316  10.0000  36.0000        0
     317  10.0000  37.0000        0
     318  10.0000  38.0000        0
     319  10.0000  39.0000        0
     320  10.0000  40.0000        0
     321  10.0000  41.0000        0
     322  10.0000  42.0000        0
     323  10.0000  43.0000        0
     324  10.0000  44.0000        0
     325  10.0000  45.0000        0
     326  10.0000  46.0000        0
     327  10.0000  47.0000        0
     328  10.0000  48.0000        0
     329  10.0000  49.0000        0
     330  10.0000  50.0000        0
     331  10.0000  51.0000        0
     332  10.0000  52.0000        0
     333  10.0000  53.0000        0
     334  10.0000  54.0000        0
     335  10.0000  55.0000        0
     336  10.0000  56.0000        0
     337  10.0000  57.0000        0
     338  10.0000  58.0000        0
     339  10.0000  59.0000        0
     340  10.0000  60.0000        1
     341  11.0000  30.0000        1
     342  11.0000  31.0000        0
     343  11.0000  32.0000        0
     344  11.0000  33.0000        0
     345  11.0000  34.0000        0
     346  11.0000  35.0000        0
     347  11.0000  36.0000        0
     348  11.0000  37.0000        0
     349  11.0000  38.0000        0
     350  11.0000  39.0000        0
     351  11.0000  40.0000        0
     352  11.0000  41.0000        0
     353  11.0000  42.0000        0
     354  11.0000  43.0000        0
     355  11.0000  44.0000        0
     356  11.0000  45.0000        0
     357  11.0000  46.0000        0
     358  11.0000  47.0000        0
     359  11.0000  48.0000        0
     360  11.0000  49.0000        0
     361  11.0000  50.0000        0
     362  11.0000  51.0000        0
     363  11.0000  52.0000        0
     364  11.0000  53.0000        0
     365  11.0000  54.0000        0
     366  11.0000  55.0000        0
     367  11.0000  56.0000        0
     368  11.0000  57.0000        0
     369  11.0000  58.0000        0
     370  11.0000  59.0000        0
     371  11.0000  60.0000        1
     372  12.0000  30.0000        1
     373  12.0000  31.0000        0
     374  12.0000  32.0000        0
     375  12.0000  33.0000        0
     376  12.0000  34.0000        0
     377  12.0000  35.0000        0
     378  12.0000  36.0000        0
     379  12.0000  37.0000        0
     380  12.0000  38.0000        0
     381  12.0000  39.0000        0
     382  12.0000  40.0000        0
     383  12.0000  41.0000        0
     384  12.0000  42.0000        0
     385  12.0000  43.0000        0
     386  12.0000  44.0000        0
     387  12.0000  45.0000        0
     388  12.0000  46.0000        0
     389  12.0000  47.0000        0
     390  12.0000  48.0000        0
     391  12.0000  49.0000        0
     392  12.0000  50.0000        0
     393  12.0000  51.0000        0
     394  12.0000  52.0000        0
     395  12.0000  53.0000        0
     396  12.0000  54.0000        0
     397  12.0000  55.0000        0
     398  12.0000  56.0000        0
     399  12.0000  57.0000        0
     400  12.0000  58.0000        0
     401  12.0000  59.0000        0
     402  12.0000  60.0000        1
     403  13.0000  30.0000        1
     404  13.0000  31.0000        0
     405  13.0000  32.0000        0
     406  13.0000  33.0000        0
     407  13.0000  34.0000        0
     408  13.0000  35.0000        0
     409  13.0000  36.0000        0
     410  13.0000  37.0000        0
     411  13.0000  38.0000        0
     412  13.0000  39.0000        0
     413  13.0000  40.0000        0
     414  13.0000  41.0000        0
     415  13.0000  42.0000        0
     416  13.0000  43.0000        0
     417  13.0000  44.0000        0
     418  13.0000  45.0000        0
     419  13.0000  46.0000        0
     420  13.0000  47.0000        0
     421  13.0000  48.0000        0
     422  13.0000  49.0000        0
     423  13.0000  50.0000        0
     424  13.0000  51.0000        0
     425  13.0000  52.0000        0
     426  13.0000  53.0000        0
     427  13.0000  54.0000        0
     428  13.0000  55.0000        0
     429  13.0000  56.0000        0
     430  13.0000  57.0000        0
     431  13.0000  58.0000        0
     432  13.0000  59.0000        0
     433  13.0000  60.0000        1
     434  14.0000  30.0000        1
     435  14.0000  31.0000        0
     436  14.0000  32.0000        0
     437  14.0000  33.0000        0
     438  14.0000  34.0000        0
     439  14.0000  35.0000        0
     440  14.0000  36.0000        0
     441  14.0000  37.0000        0
     442  14.0000  38.0000        0
     443  14.0000  39.0000        0
     444  14.0000  40.0000        0
     445  14.0000  41.0000        0
     446  14.0000  42.0000        0
     447  14.0000  43.0000        0
     448  14.0000  44.0000        0
     449  14.0000  45.0000        0
     450  14.0000  46.0000        0
     451  14.0000  47.0000        0
     452  14.0000  48.0000        0
     453  14.0000  49.0000        0
     454  14.0000  50.0000        0
     455  14.0000  51.0000        0
     456  14.0000  52.0000        0
     457  14.0000  53.0000        0
     458  14.0000  54.0000        0
     459  14.0000  55.0000        0
     460  14.0000  56.0000        0
     461  14.0000  57.0000        0
     462  14.0000  58.0000        0
     463  14.0000  59.0000        0
     464  14.0000  60.0000        1
     465  15.0000  30.0000        1
     466  15.0000  31.0000        0
     467  15.0000  32.0000        0
     468  15.0000  33.0000        0
     469  15.0000  34.0000        0
     470  15.0000  35.0000        0
     471  15.0000  36.0000        0
     472  15.0000  37.0000        0
     473  15.0000  38.0000        0
     474  15.0000  39.0000        0
     475  15.0000  40.0000        0
     476  15.0000  41.0000        0
     477  15.0000  42.0000        0
     478  15.0000  43.0000        0
     479  15.0000  44.0000        0
     480  15.0000  45.0000        0
     481  15.0000  46.0000        0
     482  15.0000  47.0000        0
     483  15.0000  48.0000        0
     484  15.0000  49.0000        0
     485  15.0000  50.0000        0
     486  15.0000  51.0000        0
     487  15.0000  52.0000        0
     488  15.0000  53.0000        0
     489  15.0000  54.0000        0
     490  15.0000  55.0000        0
     491  15.0000  56.0000        0
     492  15.0000  57.0000        0
     493  15.0000  58.0000        0
     494  15.0000  59.0000        0
     495  15.0000  60.0000        1
     496  16.0000  30.0000        1
     497  16.0000  31.0000        0
     498  16.0000  32.0000        0
     499  16.0000  33.0000        0
     500  16.0000  34.0000        0
     501  16.0000  35.0000        0
     502  16.0000  36.0000        0
     503  16.0000  37.0000        0
     504  16.0000  38.0000        0
     505  16.0000  39.0000        0
     506  16.0000  40.0000        0
     507  16.0000  41.0000        0
     508  16.0000  42.0000        0
     509  16.0000  43.0000        0
     510  16.0000  44.0000        0
     511  16.0000  45.0000        0
     512  16.0000  46.0000        0
     513  16.0000  47.0000        0
     514  16.0000  48.0000        0
     515  16.0000  49.0000        0
     516  16.0000  50.0000        0
     517  16.0000  51.0000        0
     518  16.0000  52.0000        0
     519  16.0000  53.0000        0
     520  16.0000  54.0000        0
     521  16.0000  55.0000        0
     522  16.0000  56.0000        0
     523  16.0000  57.0000        0
     524  16.0000  58.0000        0
     525  16.0000  59.0000        0
     526  16.0000  60.0000        1
     527  17.0000  30.0000        1
     528  17.0000  31.0000        0
     529  17.0000  32.0000        0
     530  17.0000  33.0000        0
     531  17.0000  34.0000        0
     532  17.0000  35.0000        0
     533  17.0000  36.0000        0
     534  17.0000  37.0000        0
     535  17.0000  38.0000        0
     536  17.0000  39.0000        0
     537  17.0000  40.0000        0
     538  17.0000  41.0000        0
     539  17.0000  42.0000        0
     540  17.0000  43.0000        0
     541  17.0000  44.0000        0
     542  17.0000  45.0000        0
     543  17.0000  46.0000        0
     544  17.0000  47.0000        0
     545  17.0000  48.0000        0
     546  17.0000  49.0000        0
     547  17.0000  50.0000        0
     548  17.0000  51.0000        0
     549  17.0000  52.0000        0
     550  17.0000  53.0000        0
     551  17.0000  54.0000        0
     552  17.0000  55.0000        0
     553  17.0000  56.0000        0
     554  17.0000  57.0000        0
     555  17.0000  58.0000        0
     556  17.0000  59.0000        0
     557  17.0000  60.0000        1
     558  18.0000  30.0000        1
     559  18.0000  31.0000        0
     560  18.0000  32.0000        0
     561  18.0000  33.0000        0
     562  18.0000  34.0000        0
     563  18.0000  35.0000        0
     564  18.0000  36.0000        0
     565  18.0000  37.0000        0
     566  18.0000  38.0000        0
     567  18.0000  39.0000        0
     568  18.0000  40.0000        0
     569  18.0000  41.0000        0
     570  18.0000  42.0000        0
     571  18.0000  43.0000        0
     572  18.0000  44.0000        0
     573  18.0000  45.0000        0
     574  18.0000  46.0000        0
     575  18.0000  47.0000        0
     576  18.0000  48.0000        0
     577  18.0000  49.0000        0
     578  18.0000  50.0000        0
     579  18.0000  51.0000        0
     580  18.0000  52.0000        0
     581  18.0000  53.0000        0
     582  18.0000  54.0000        0
     583  18.0000  55.0000        0
     584  18.0000  56.0000        0
     585  18.0000  57.0000        0
     586  18.0000  58.0000        0
     587  18.0000  59.0000        0
     588  18.0000  60.0000        1
     589  19.0000  30.0000        1
     590  19.0000  31.0000        0
     591  19.0000  32.0000        0
     592  19.0000  33.0000        0
     593  19.0000  34.0000        0
     594  19.0000  35.0000        0
     595  19.0000  36.0000        0
     596  19.0000  37.0000        0
     597  19.0000  38.0000        0
     598  19.0000  39.0000        0
     599  19.0000  40.0000        0
     600  19.0000  41.0000        0
     601  19.0000  42.0000        0
     602  19.0000  43.0000        0
     603  19.0000  44.0000        0
     604  19.0000  45.0000        0
     605  19.0000  46.0000        0
     606  19.0000  47.0000        0
     607  19.0000  48.0000        0
     608  19.0000  49.0000        0
     609  19.0000  50.0000        0
     610  19.0000  51.0000        0
     611  19.0000  52.0000        0
     612  19.0000  53.0000        0
     613  19.0000  54.0000        0
     614  19.0000  55.0000        0
     615  19.0000  56.0000        0
     616  19.0000  57.0000        0
     617  19.0000  58.0000        0
     618  19.0000  59.0000        0
     619  19.0000  60.0000        1
     620  20.0000  30.0000        1
     621  20.0000  31.0000        0
     622  20.0000  32.0000        0
     623  20.0000  33.0000        0
     624  20.0000  34.0000        0
     625  20.0000  35.0000        0
     626  20.0000  36.0000        0
     627  20.0000  37.0000        0
     628  20.0000  38.0000        0
     629  20.0000  39.0000        0
     630  20.0000  40.0000        0
     631  20.0000  41.0000        0
     632  20.0000  42.0000        0
     633  20.0000  43.0000        0
     634  20.0000  44.0000        0
     635  20.0000  45.0000        0
     636  20.0000  46.0000        0
     637  20.0000  47.0000        0
     638  20.0000  48.0000        0
     639  20.0000  49.0000        0
     640  20.0000  50.0000        0
     641  20.0000  51.0000        0
     642  20.0000  52.0000        0
     643  20.0000  53.0000        0
     644  20.0000  54.0000        0
     645  20.0000  55.0000        0
     646  20.0000  56.0000        0
     647  20.0000  57.0000        0
     648  20.0000  58.0000        0
     649  20.0000  59.0000        0
     650  20.0000  60.0000        1
     651  21.0000  30.0000        1
     652  21.0000  31.0000        0
     653  21.0000  32.0000        0
     654  21.0000  33.0000        0
     655  21.0000  34.0000        0
     656  21.0000  35.0000        0
     657  21.0000  36.0000        0
     658  21.0000  37.0000        0
     659  21.0000  38.0000        0
     660  21.0000  39.0000        0
     661  21.0000  40.0000        0
     662  21.0000  41.0000        0
     663  21.0000  42.0000        0
     664  21.0000  43.0000        0
     665  21.0000  44.0000        0
     666  21.0000  45.0000        0
     667  21.0000  46.0000        0
     668  21.0000  47.0000        0
     669  21.0000  48.0000        0
     670  21.0000  49.0000        0
     671  21.0000  50.0000        0
     672  21.0000  51.0000        0
     673  21.0000  52.0000        0
     674  21.0000  53.0000        0
     675  21.0000  54.0000        0
     676  21.0000  55.0000        0
     677  21.0000  56.0000        0
     678  21.0000  57.0000        0
     679  21.0000  58.0000        0
     680  21.0000  59.0000        0
     681  21.0000  60.0000        1
     682  22.0000  30.0000        1
     683  22.0000  31.0000        0
     684  22.0000  32.0000        0
     685  22.0000  33.0000        0
     686  22.0000  34.0000        0
     687  22.0000  35.0000        0
     688  22.0000  36.0000        0
     689  22.0000  37.0000        0
     690  22.0000  38.0000        0
     691  22.0000  39.0000        0
     692  22.0000  40.0000        0
     693  22.0000  41.0000        0
     694  22.0000  42.0000        0
     695  22.0000  43.0000        0
     696  22.0000  44.0000        0
     697  22.0000  45.0000        0
     698  22.0000  46.0000        0
     699  22.0000  47.0000        0
     700  22.0000  48.0000        0
     701  22.0000  49.0000        0
     702  22.0000  50.0000        0
     703  22.0000  51.0000        0
     704  22.0000  52.0000        0
     705  22.0000  53.0000        0
     706  22.0000  54.0000        0
     707  22.0000  55.0000        0
     708  22.0000  56.0000        0
     709  22.0000  57.0000        0
     710  22.0000  58.0000        0
     711  22.0000  59.0000        0
     712  22.0000  60.0000        1
     713  23.0000  30.0000        1
     714  23.0000  31.0000        0
     715  23.0000  32.0000        0
     716  23.0000  33.0000        0
     717  23.0000  34.0000        0
     718  23.0000  35.0000        0
     719  23.0000  36.0000        0
     720  23.0000  37.0000        0
     721  23.0000  38.0000        0
     722  23.0000  39.0000        0
     723  23.0000  40.0000        0
     724  23.0000  41.0000        0
     725  23.0000  42.0000        0
     726  23.0000  43.0000        0
     727  23.0000  44.0000        0
     728  23.0000  45.0000        0
     729  23.0000  46.0000        0
     730  23.0000  47.0000        0
     731  23.0000  48.0000        0
     732  23.0000  49.0000        0
     733  23.0000  50.0000        0
     734  23.0000  51.0000        0
     735  23.0000  52.0000        0
     736  23.0000  53.0000        0
     737  23.0000  54.0000        0
     738  23.0000  55.0000        0
     739  23.0000  56.0000        0
     740  23.0000  57.0000        0
     741  23.0000  58.0000        0
     742  23.0000  59.0000        0
     743  23.0000  60.0000        1
     744  24.0000  30.0000        1
     745  24.0000  31.0000        0
     746  24.0000  32.0000        0
     747  24.0000  33.0000        0
     748  24.0000  34.0000        0
     749  24.0000  35.0000        0
     750  24.0000  36.0000        0
     751  24.0000  37.0000        0
     752  24.0000  38.0000        0
     753  24.0000  39.0000        0
     754  24.0000  40.0000        0
     755  24.0000  41.0000        0
     756  24.0000  42.0000        0
     757  24.0000  43.0000        0
     758  24.0000  44.0000        0
     759  24.0000  45.0000        0
     760  24.0000  46.0000        0
     761  24.0000  47.0000        0
     762  24.0000  48.0000        0
     763  24.0000  49.0000        0
     764  24.0000  50.0000        0
     765  24.0000  51.0000        0
     766  24.0000  52.0000        0
     767  24.0000  53.0000        0
     768  24.0000  54.0000        0
     769  24.0000  55.0000        0
     770  24.0000  56.0000        0
     771  24.0000  57.0000        0
     772  24.0000  58.0000        0
     773  24.0000  59.0000        0
     774  24.0000  60.0000        1
     775  25.0000  30.0000        1
     776  25.0000  31.0000        0
     777  25.0000  32.0000        0
     778  25.0000  33.0000        0
     779  25.0000  34.0000        0
     780  25.0000  35.0000        0
     781  25.0000  36.0000        0
     782  25.0000  37.0000        0
     783  25.0000  38.0000        0
     784  25.0000  39.0000        0
     785  25.0000  40.0000        0
     786  25.0000  41.0000        0
     787  25.0000  42.0000        0
     788  25.0000  43.0000        0
     789  25.0000  44.0000        0
     790  25.0000  45.0000        0
     791  25.0000  46.0000        0
     792  25.0000  47.0000        0
     793  25.0000  48.0000        0
     794  25.0000  49.0000        0
     795  25.0000  50.0000        0
     796  25.0000  51.0000        0
     797  25.0000  52.0000        0
     798  25.0000  53.0000        0
     799  25.0000  54.0000        0
     800  25.0000  55.0000        0
     801  25.0000  56.0000        0
     802  25.0000  57.0000        0
     803  25.0000  58.0000        0
     804  25.0000  59.0000        0
     805  25.0000  60.0000        1
     806  26.0000  30.0000        1
     807  26.0000  31.0000        0
     808  26.0000  32.0000        0
     809  26.0000  33.0000        0
     810  26.0000  34.0000        0
     811  26.0000  35.0000        0
     812  26.0000  36.0000        0
     813  26.0000  37.0000        0
     814  26.0000  38.0000        0
     815  26.0000  39.0000        0
     816  26.0000  40.0000        0
     817  26.0000  41.0000        0
     818  26.0000  42.0000        0
     819  26.0000  43.0000        0
     820  26.0000  44.0000        0
     821  26.0000  45.0000        0
     822  26.0000  46.0000        0
     823  26.0000  47.0000        0
     824  26.0000  48.0000        0
     825  26.0000  49.0000        0
     826  26.0000  50.0000        0
     827  26.0000  51.0000        0
     828  26.0000  52.0000        0
     829  26.0000  53.0000        0
     830  26.0000  54.0000        0
     831  26.0000  55.0000        0
     832  26.0000  56.0000        0
     833  26.0000  57.0000        0
     834  26.0000  58.0000        0
     835  26.0000  59.0000        0
     836  26.0000  60.0000        1
     837  27.0000  30.0000        1
     838  27.0000  31.0000        0
     839  27.0000  32.0000        0
     840  27.0000  33.0000        0
     841  27.0000  34.0000        0
     842  27.0000  35.0000        0
     843  27.0000  36.0000        0
     844  27.0000  37.0000        0
     845  27.0000  38.0000        0
     846  27.0000  39.0000        0
     847  27.0000  40.0000        0
     848  27.0000  41.0000        0
     849  27.0000  42.0000        0
     850  27.0000  43.0000        0
     851  27.0000  44.0000        0
     852  27.0000  45.0000        0
     853  27.0000  46.0000        0
     854  27.0000  47.0000        0
     855  27.0000  48.0000        0
     856  27.0000  49.0000        0
     857  27.0000  50.0000        0
     858  27.0000  51.0000        0
     859  27.0000  52.0000        0
     860  27.0000  53.0000        0
     861  27.0000  54.0000        0
     862  27.0000  55.0000        0
     863  27.0000  56.0000        0
     864  27.0000  57.0000        0
     865  27.0000  58.0000        0
     866  27.0000  59.0000        0
     867  27.0000  60.0000        1
     868  28.0000  30.0000        1
     869  28.0000  31.0000        0
     870  28.0000  32.0000        0
     871  28.0000  33.0000        0
     872  28.0000  34.0000        0
     873  28.0000  35.0000        0
     874  28.0000  36.0000        0
     875  28.0000  37.0000        0
     876  28.0000  38.0000        0
     877  28.0000  39.0000        0
     878  28.0000  40.0000        0
     879  28.0000  41.0000        0
     880  28.0000  42.0000        0
     881  28.0000  43.0000        0
     882  28.0000  44.0000        0
     883  28.0000  45.0000        0
     884  28.0000  46.0000        0
     885  28.0000  47.0000        0
     886  28.0000  48.0000        0
     887  28.0000  49.0000        0
     888  28.0000  50.0000        0
     889  28.0000  51.0000        0
     890  28.0000  52.0000        0
     891  28.0000  53.0000        0
     892  28.0000  54.0000        0
     893  28.0000  55.0000        0
     894  28.0000  56.0000        0
     895  28.0000  57.0000        0
     896  28.0000  58.0000        0
     897  28.0000  59.0000        0
     898  28.0000  60.0000        1
     899  29.0000  30.0000        1
     900  29.0000  31.0000        0
     901  29.0000  32.0000        0
     902  29.0000  33.0000        0
     903  29.0000  34.0000        0
     904  29.0000  35.0000        0
     905  29.0000  36.0000        0
     906  29.0000  37.0000        0
     907  29.0000  38.0000        0
     908  29.0000  39.0000        0
     909  29.0000  40.0000        0
     910  29.0000  41.0000        0
     911  29.0000  42.0000        0
     912  29.0000  43.0000        0
     913  29.0000  44.0000        0
     914  29.0000  45.0000        0
     915  29.0000  46.0000        0
     916  29.0000  47.0000        0
     917  29.0000  48.0000        0
     918  29.0000  49.0000        0
     919  29.0000  50.0000        0
     920  29.0000  51.0000        0
     921  29.0000  52.0000        0
     922  29.0000  53.0000        0
     923  29.0000  54.0000        0
     924  29.0000  55.0000        0
     925  29.0000  56.0000        0
     926  29.0000  57.0000        0
     927  29.0000  58.0000        0
     928  29.0000  59.0000        0
     929  29.0000  60.0000        1
     930  30.0000  30.0000        1
     931  30.0000  31.0000        0
     932  30.0000  32.0000        0
     933  30.0000  33.0000        0
     934  30.0000  34.0000        0
     935  30.0000  35.0000        0
     936  30.0000  36.0000        0
     937  30.0000  37.0000        0
     938  30.0000  38.0000        0
     939  30.0000  39.0000        0
     940  30.0000  40.0000        0
     941  30.0000  41.0000        0
     942  30.0000  42.0000        0
     943  30.0000  43.0000        0
     944  30.0000  44.0000        0
     945  30.0000  45.0000        0
     946  30.0000  46.0000        0
     947  30.0000  47.0000        0
     948  30.0000  48.0000        0
     949  30.0000  49.0000        0
     950  30.0000  50.0000        0
     951  30.0000  51.0000        0
     952  30.0000  52.0000        0
     953  30.0000  53.0000        0
     954  30.0000  54.0000        0
     955  30.0000  55.0000        0
     956  30.0000  56.0000        0
     957  30.0000  57.0000        0
     958  30.0000  58.0000        0
     959  30.0000  59.0000        0
     960  30.0000  60.0000        1
     961  31.0000  30.0000        1
     962  31.0000  31.0000        0
     963  31.0000  32.0000        0
     964  31.0000  33.0000        0
     965  31.0000  34.0000        0
     966  31.0000  35.0000        0
     967  31.0000  36.0000        0
     968  31.0000  37.0000        0
     969  31.0000  38.0000        0
     970  31.0000  39.0000        0
     971  31.0000  40.0000        0
     972  31.0000  41.0000        0
     973  31.0000  42.0000        0
     974  31.0000  43.0000        0
     975  31.0000  44.0000        0
     976  31.0000  45.0000        0
     977  31.0000  46.0000        0
     978  31.0000  47.0000        0
     979  31.0000  48.0000        0
     980  31.0000  49.0000        0
     981  31.0000  50.0000        0
     982  31.0000  51.0000        0
     983  31.0000  52.0000        0
     984  31.0000  53.0000        0
     985  31.0000  54.0000        0
     986  31.0000  55.0000        0
     987  31.0000  56.0000        0
     988  31.0000  57.0000        0
     989  31.0000  58.0000        0
     990  31.0000  59.0000        0
     991  31.0000  60.0000        1
     992  32.0000  30.0000        1
     993  32.0000  31.0000        0
     994  32.0000  32.0000        0
     995  32.0000  33.0000        0
     996  32.0000  34.0000        0
     997  32.0000  35.0000        0
     998  32.0000  36.0000        0
     999  32.0000  37.0000        0
    1000  32.0000  38.0000        0
    1001  32.0000  39.0000        0
    1002  32.0000  40.0000        0
    1003  32.0000  41.0000        0
    1004  32.0000  42.0000        0
    1005  32.0000  43.0000        0
    1006  32.0000  44.0000        0
    1007  32.0000  45.0000        0
    1008  32.0000  46.0000        0
    1009  32.0000  47.0000        0
    1010  32.0000  48.0000        0
    1011  32.0000  49.0000        0
    1012  32.0000  50.0000        0
    1013  32.0000  51.0000        0
    1014  32.0000  52.0000        0
    1015  32.0000  53.0000        0
    1016  32.0000  54.0000        0
    1017  32.0000  55.0000        0
    1018  32.0000  56.0000        0
    1019  32.0000  57.0000        0
    1020  32.0000  58.0000        0
    1021  32.0000  59.0000        0
    1022  32.0000  60.0000        1
    1023  33.0000  30.0000        1
    1024  33.0000  31.0000        0
    1025  33.0000  32.0000        0
    1026  33.0000  33.0000        0
    1027  33.0000  34.0000        0
    1028  33.0000  35.0000        0
    1029  33.0000  36.0000        0
    1030  33.0000  37.0000        0
    1031  33.0000  38.0000        0
    1032  33.0000  39.0000        0
    1033  33.0000  40.0000        0
    1034  33.0000  41.0000        0
    1035  33.0000  42.0000        0
    1036  33.0000  43.0000        0
    1037  33.0000  44.0000        0
    1038  33.0000  45.0000        0
    1039  33.0000  46.0000        0
    1040  33.0000  47.0000        0
    1041  33.0000  48.0000        0
    1042  33.0000  49.0000        0
    1043  33.0000  50.0000        0
    1044  33.0000  51.0000        0
    1045  33.0000  52.0000        0
    1046  33.0000  53.0000        0
    1047  33.0000  54.0000        0
    1048  33.0000  55.0000        0
    1049  33.0000  56.0000        0
    1050  33.0000  57.0000        0
    1051  33.0000  58.0000        0
    1052  33.0000  59.0000        0
    1053  33.0000  60.0000        1
    1054  34.0000  30.0000        1
    1055  34.0000  31.0000        0
    1056  34.0000  32.0000        0
    1057  34.0000  33.0000        0
    1058  34.0000  34.0000        0
    1059  34.0000  35.0000        0
    1060  34.0000  36.0000        0
    1061  34.0000  37.0000        0
    1062  34.0000  38.0000        0
    1063  34.0000  39.0000        0
    1064  34.0000  40.0000        0
    1065  34.0000  41.0000        0
    1066  34.0000  42.0000        0
    1067  34.0000  43.0000        0
    1068  34.0000  44.0000        0
    1069  34.0000  45.0000        0
    1070  34.0000  46.0000        0
    1071  34.0000  47.0000        0
    1072  34.0000  48.0000        0
    1073  34.0000  49.0000        0
    1074  34.0000  50.0000        0
    1075  34.0000  51.0000        0
    1076  34.0000  52.0000        0
    1077  34.0000  53.0000        0
    1078  34.0000  54.0000        0
    1079  34.0000  55.0000        0
    1080  34.0000  56.0000        0
    1081  34.0000  57.0000        0
    1082  34.0000  58.0000        0
    1083  34.0000  59.0000        0
    1084  34.0000  60.0000        1
    1085  35.0000  30.0000        1
    1086  35.0000  31.0000        0
    1087  35.0000  32.0000        0
    1088  35.0000  33.0000        0
    1089  35.0000  34.0000        0
    1090  35.0000  35.0000        0
    1091  35.0000  36.0000        0
    1092  35.0000  37.0000        0
    1093  35.0000  38.0000        0
    1094  35.0000  39.0000        0
    1095  35.0000  40.0000        0
    1096  35.0000  41.0000        0
    1097  35.0000  42.0000        0
    1098  35.0000  43.0000        0
    1099  35.0000  44.0000        0
    1100  35.0000  45.0000        0
    1101  35.0000  46.0000        0
    1102  35.0000  47.0000        0
    1103  35.0000  48.0000        0
    1104  35.0000  49.0000        0
    1105  35.0000  50.0000        0
    1106  35.0000  51.0000        0
    1107  35.0000  52.0000        0
    1108  35.0000  53.0000        0
    1109  35.0000  54.0000        0
    1110  35.0000  55.0000        0
    1111  35.0000  56.0000        0
    1112  35.0000  57.0000        0
    1113  35.0000  58.0000        0
    1114  35.0000  59.0000        0
    1115  35.0000  60.0000        1
    1116  36.0000  30.0000        1
    1117  36.0000  31.0000        0
    1118  36.0000  32.0000        0
    1119  36.0000  33.0000        0
    1120  36.0000  34.0000        0
    1121  36.0000  35.0000        0
    1122  36.0000  36.0000        0
    1123  36.0000  37.0000        0
    1124  36.0000  38.0000        0
    1125  36.0000  39.0000        0
    1126  36.0000  40.0000        0
    1127  36.0000  41.0000        0
    1128  36.0000  42.0000        0
    1129  36.0000  43.0000        0
    1130  36.0000  44.0000        0
    1131  36.0000  45.0000        0
    1132  36.0000  46.0000        0
    1133  36.0000  47.0000        0
    1134  36.0000  48.0000        0
    1135  36.0000  49.0000        0
    1136  36.0000  50.0000        0
    1137  36.0000  51.0000        0
    1138  36.0000  52.0000        0
    1139  36.0000  53.0000        0
    1140  36.0000  54.0000        0
    1141  36.0000  55.0000        0
    1142  36.0000  56.0000        0
    1143  36.0000  57.0000        0
    1144  36.0000  58.0000        0
    1145  36.0000  59.0000        0
    1146  36.0000  60.0000        1
    1147  37.0000  30.0000        1
    1148  37.0000  31.0000        0
    1149  37.0000  32.0000        0
    1150  37.0000  33.0000        0
    1151  37.0000  34.0000        0
    1152  37.0000  35.0000        0
    1153  37.0000  36.0000        0
    1154  37.0000  37.0000        0
    1155  37.0000  38.0000        0
    1156  37.0000  39.0000        0
    1157  37.0000  40.0000        0
    1158  37.0000  41.0000        0
    1159  37.0000  42.0000        0
    1160  37.0000  43.0000        0
    1161  37.0000  44.0000        0
    1162  37.0000  45.0000        0
    1163  37.0000  46.0000        0
    1164  37.0000  47.0000        0
    1165  37.0000  48.0000        0
    1166  37.0000  49.0000        0
    1167  37.0000  50.0000        0
    1168  37.0000  51.0000        0
    1169  37.0000  52.0000        0
    1170  37.0000  53.0000        0
    1171  37.0000  54.0000        0
    1172  37.0000  55.0000        0
    1173  37.0000  56.0000        0
    1174  37.0000  57.0000        0
    1175  37.0000  58.0000        0
    1176  37.0000  59.0000        0
    1177  37.0000  60.0000        1
    1178  38.0000  30.0000        1
    1179  38.0000  31.0000        0
    1180  38.0000  32.0000        0
    1181  38.0000  33.0000        0
    1182  38.0000  34.0000        0
    1183  38.0000  35.0000        0
    1184  38.0000  36.0000        0
    1185  38.0000  37.0000        0
    1186  38.0000  38.0000        0
    1187  38.0000  39.0000        0
    1188  38.0000  40.0000        0
    1189  38.0000  41.0000        0
    1190  38.0000  42.0000        0
    1191  38.0000  43.0000        0
    1192  38.0000  44.0000        0
    1193  38.0000  45.0000        0
    1194  38.0000  46.0000        0
    1195  38.0000  47.0000        0
    1196  38.0000  48.0000        0
    1197  38.0000  49.0000        0
    1198  38.0000  50.0000        0
    1199  38.0000  51.0000        0
    1200  38.0000  52.0000        0
    1201  38.0000  53.0000        0
    1202  38.0000  54.0000        0
    1203  38.0000  55.0000        0
    1204  38.0000  56.0000        0
    1205  38.0000  57.0000        0
    1206  38.0000  58.0000        0
    1207  38.0000  59.0000        0
    1208  38.0000  60.0000        1
    1209  39.0000  30.0000        1
    1210  39.0000  31.0000        0
    1211  39.0000  32.0000        0
    1212  39.0000  33.0000        0
    1213  39.0000  34.0000        0
    1214  39.0000  35.0000        0
    1215  39.0000  36.0000        0
    1216  39.0000  37.0000        0
    1217  39.0000  38.0000        0
    1218  39.0000  39.0000        0
    1219  39.0000  40.0000        0
    1220  39.0000  41.0000        0
    1221  39.0000  42.0000        0
    1222  39.0000  43.0000        0
    1223  39.0000  44.0000        0
    1224  39.0000  45.0000        0
    1225  39.0000  46.0000        0
    1226  39.0000  47.0000        0
    1227  39.0000  48.0000        0
    1228  39.0000  49.0000        0
    1229  39.0000  50.0000        0
    1230  39.0000  51.0000        0
    1231  39.0000  52.0000        0
    1232  39.0000  53.0000        0
    1233  39.0000  54.0000        0
    1234  39.0000  55.0000        0
    1235  39.0000  56.0000        0
    1236  39.0000  57.0000        0
    1237  39.0000  58.0000        0
    1238  39.0000  59.0000        0
    1239  39.0000  60.0000        1
    1240  40.0000  30.0000        1
    1241  40.0000  31.0000        1
    1242  40.0000  32.0000        1
    1243  40.0000  33.0000        1
    1244  40.0000  34.0000        1
    1245  40.0000  35.0000        1
    1246  40.0000  36.0000        1
    1247  40.0000  37.0000        1
    1248  40.0000  38.0000        1
    1249  40.0000  39.0000        1
    1250  40.0000  40.0000        1
    1251  40.0000  41.0000        1
    1252  40.0000  42.0000        1
    1253  40.0000  43.0000        1
    1254  40.0000  44.0000        1
    1255  40.0000  45.0000        1
    1256  40.0000  46.0000        1
    1257  40.0000  47.0000        1
    1258  40.0000  48.0000        1
    1259  40.0000  49.0000        1
    1260  40.0000  50.0000        1
    1261  40.0000  51.0000        1
    1262  40.0000  52.0000        1
    1263  40.0000  53.0000        1
    1264  40.0000  54.0000        1
    1265  40.0000  55.0000        1
    1266  40.0000  56.0000        1
    1267  40.0000  57.0000        1
    1268  40.0000  58.0000        1
    1269  40.0000  59.0000        1
